{"/Users/angelinabezik/Documents/RollingScopes/angelinabz-ANGULAR2024Q3/youtube-client-app/src/app/app.component.html": {"path":"/Users/angelinabezik/Documents/RollingScopes/angelinabz-ANGULAR2024Q3/youtube-client-app/src/app/app.component.html","all":false,"statementMap":{"0":{"start":{"line":1,"column":0},"end":{"line":1,"column":25}},"1":{"start":{"line":2,"column":0},"end":{"line":2,"column":17}}},"s":{"0":1,"1":1},"branchMap":{"0":{"type":"branch","line":1,"loc":{"start":{"line":1,"column":0},"end":{"line":2,"column":17}},"locations":[{"start":{"line":1,"column":0},"end":{"line":2,"column":17}}]},"1":{"type":"branch","line":1,"loc":{"start":{"line":1,"column":0},"end":{"line":2,"column":17}},"locations":[{"start":{"line":1,"column":0},"end":{"line":2,"column":17}}]}},"b":{"0":[1],"1":[1]},"fnMap":{"0":{"name":"Object.<anonymous>","decl":{"start":{"line":1,"column":0},"end":{"line":2,"column":17}},"loc":{"start":{"line":1,"column":0},"end":{"line":2,"column":17}},"line":1}},"f":{"0":1}}
,"/Users/angelinabezik/Documents/RollingScopes/angelinabz-ANGULAR2024Q3/youtube-client-app/src/app/app.component.ts": {"path":"/Users/angelinabezik/Documents/RollingScopes/angelinabz-ANGULAR2024Q3/youtube-client-app/src/app/app.component.ts","all":false,"statementMap":{"0":{"start":{"line":1,"column":0},"end":{"line":1,"column":47}},"1":{"start":{"line":2,"column":0},"end":{"line":2,"column":42}},"2":{"start":{"line":3,"column":0},"end":{"line":3,"column":47}},"3":{"start":{"line":4,"column":0},"end":{"line":4,"column":0}},"4":{"start":{"line":5,"column":0},"end":{"line":5,"column":76}},"5":{"start":{"line":6,"column":0},"end":{"line":6,"column":0}},"6":{"start":{"line":7,"column":0},"end":{"line":7,"column":12}},"7":{"start":{"line":8,"column":0},"end":{"line":8,"column":23}},"8":{"start":{"line":9,"column":0},"end":{"line":9,"column":19}},"9":{"start":{"line":10,"column":0},"end":{"line":10,"column":57}},"10":{"start":{"line":11,"column":0},"end":{"line":11,"column":38}},"11":{"start":{"line":12,"column":0},"end":{"line":12,"column":35}},"12":{"start":{"line":13,"column":0},"end":{"line":13,"column":2}},"13":{"start":{"line":14,"column":0},"end":{"line":14,"column":27}},"14":{"start":{"line":15,"column":0},"end":{"line":15,"column":31}},"15":{"start":{"line":16,"column":0},"end":{"line":16,"column":1}}},"s":{"0":1,"1":1,"2":1,"3":1,"4":1,"5":1,"6":1,"7":1,"8":1,"9":1,"10":1,"11":1,"12":1,"13":1,"14":2,"15":2},"branchMap":{"0":{"type":"branch","line":14,"loc":{"start":{"line":14,"column":7},"end":{"line":16,"column":1}},"locations":[{"start":{"line":14,"column":7},"end":{"line":16,"column":1}}]}},"b":{"0":[2]},"fnMap":{"0":{"name":"AppComponent","decl":{"start":{"line":14,"column":7},"end":{"line":16,"column":1}},"loc":{"start":{"line":14,"column":7},"end":{"line":16,"column":1}},"line":14}},"f":{"0":2}}
,"/Users/angelinabezik/Documents/RollingScopes/angelinabz-ANGULAR2024Q3/youtube-client-app/src/app/auth/components/admin-form/admin-form.component.html": {"path":"/Users/angelinabezik/Documents/RollingScopes/angelinabz-ANGULAR2024Q3/youtube-client-app/src/app/auth/components/admin-form/admin-form.component.html","all":false,"statementMap":{"0":{"start":{"line":1,"column":0},"end":{"line":1,"column":49}},"1":{"start":{"line":2,"column":0},"end":{"line":2,"column":34}},"2":{"start":{"line":3,"column":0},"end":{"line":3,"column":58}},"3":{"start":{"line":4,"column":0},"end":{"line":4,"column":119}},"4":{"start":{"line":5,"column":0},"end":{"line":5,"column":122}},"5":{"start":{"line":6,"column":0},"end":{"line":6,"column":121}},"6":{"start":{"line":7,"column":0},"end":{"line":7,"column":46}},"7":{"start":{"line":8,"column":0},"end":{"line":8,"column":70}},"8":{"start":{"line":9,"column":0},"end":{"line":9,"column":112}},"9":{"start":{"line":10,"column":0},"end":{"line":10,"column":31}},"10":{"start":{"line":11,"column":0},"end":{"line":11,"column":8}},"11":{"start":{"line":12,"column":0},"end":{"line":12,"column":36}},"12":{"start":{"line":13,"column":0},"end":{"line":13,"column":66}},"13":{"start":{"line":14,"column":0},"end":{"line":14,"column":105}},"14":{"start":{"line":15,"column":0},"end":{"line":15,"column":36}},"15":{"start":{"line":16,"column":0},"end":{"line":16,"column":8}},"16":{"start":{"line":17,"column":0},"end":{"line":17,"column":43}},"17":{"start":{"line":18,"column":0},"end":{"line":18,"column":66}},"18":{"start":{"line":19,"column":0},"end":{"line":19,"column":105}},"19":{"start":{"line":20,"column":0},"end":{"line":20,"column":36}},"20":{"start":{"line":21,"column":0},"end":{"line":21,"column":8}},"21":{"start":{"line":22,"column":0},"end":{"line":22,"column":49}},"22":{"start":{"line":23,"column":0},"end":{"line":23,"column":72}},"23":{"start":{"line":24,"column":0},"end":{"line":24,"column":114}},"24":{"start":{"line":25,"column":0},"end":{"line":25,"column":32}},"25":{"start":{"line":26,"column":0},"end":{"line":26,"column":8}},"26":{"start":{"line":27,"column":0},"end":{"line":27,"column":117}},"27":{"start":{"line":28,"column":0},"end":{"line":28,"column":23}},"28":{"start":{"line":29,"column":0},"end":{"line":29,"column":8}},"29":{"start":{"line":30,"column":0},"end":{"line":30,"column":51}},"30":{"start":{"line":31,"column":0},"end":{"line":31,"column":23}},"31":{"start":{"line":32,"column":0},"end":{"line":32,"column":58}},"32":{"start":{"line":33,"column":0},"end":{"line":33,"column":31}},"33":{"start":{"line":34,"column":0},"end":{"line":34,"column":31}},"34":{"start":{"line":35,"column":0},"end":{"line":35,"column":81}},"35":{"start":{"line":36,"column":0},"end":{"line":36,"column":111}},"36":{"start":{"line":37,"column":0},"end":{"line":37,"column":14}},"37":{"start":{"line":38,"column":0},"end":{"line":38,"column":12}},"38":{"start":{"line":39,"column":0},"end":{"line":39,"column":120}},"39":{"start":{"line":40,"column":0},"end":{"line":40,"column":23}},"40":{"start":{"line":41,"column":0},"end":{"line":41,"column":9}},"41":{"start":{"line":42,"column":0},"end":{"line":42,"column":25}},"42":{"start":{"line":43,"column":0},"end":{"line":43,"column":14}},"43":{"start":{"line":44,"column":0},"end":{"line":44,"column":12}},"44":{"start":{"line":45,"column":0},"end":{"line":45,"column":10}},"45":{"start":{"line":46,"column":0},"end":{"line":46,"column":127}},"46":{"start":{"line":47,"column":0},"end":{"line":47,"column":8}},"47":{"start":{"line":48,"column":0},"end":{"line":48,"column":33}},"48":{"start":{"line":49,"column":0},"end":{"line":49,"column":113}},"49":{"start":{"line":50,"column":0},"end":{"line":50,"column":82}},"50":{"start":{"line":51,"column":0},"end":{"line":51,"column":8}},"51":{"start":{"line":52,"column":0},"end":{"line":52,"column":7}}},"s":{"0":2,"1":2,"2":2,"3":2,"4":2,"5":2,"6":2,"7":2,"8":2,"9":2,"10":2,"11":2,"12":2,"13":2,"14":2,"15":2,"16":2,"17":2,"18":2,"19":2,"20":2,"21":2,"22":2,"23":2,"24":2,"25":2,"26":2,"27":2,"28":2,"29":2,"30":2,"31":2,"32":2,"33":2,"34":2,"35":2,"36":2,"37":2,"38":2,"39":2,"40":2,"41":2,"42":2,"43":2,"44":2,"45":2,"46":2,"47":2,"48":2,"49":2,"50":2,"51":2},"branchMap":{"0":{"type":"branch","line":1,"loc":{"start":{"line":1,"column":0},"end":{"line":52,"column":7}},"locations":[{"start":{"line":1,"column":0},"end":{"line":52,"column":7}}]},"1":{"type":"branch","line":1,"loc":{"start":{"line":1,"column":0},"end":{"line":52,"column":7}},"locations":[{"start":{"line":1,"column":0},"end":{"line":52,"column":7}}]}},"b":{"0":[2],"1":[2]},"fnMap":{"0":{"name":"Object.<anonymous>","decl":{"start":{"line":1,"column":0},"end":{"line":52,"column":7}},"loc":{"start":{"line":1,"column":0},"end":{"line":52,"column":7}},"line":1}},"f":{"0":2}}
,"/Users/angelinabezik/Documents/RollingScopes/angelinabz-ANGULAR2024Q3/youtube-client-app/src/app/auth/components/admin-form/admin-form.component.ts": {"path":"/Users/angelinabezik/Documents/RollingScopes/angelinabz-ANGULAR2024Q3/youtube-client-app/src/app/auth/components/admin-form/admin-form.component.ts","all":false,"statementMap":{"0":{"start":{"line":1,"column":0},"end":{"line":1,"column":47}},"1":{"start":{"line":2,"column":0},"end":{"line":2,"column":50}},"2":{"start":{"line":3,"column":0},"end":{"line":3,"column":8}},"3":{"start":{"line":4,"column":0},"end":{"line":4,"column":85}},"4":{"start":{"line":5,"column":0},"end":{"line":5,"column":24}},"5":{"start":{"line":6,"column":0},"end":{"line":6,"column":36}},"6":{"start":{"line":7,"column":0},"end":{"line":7,"column":0}},"7":{"start":{"line":8,"column":0},"end":{"line":8,"column":85}},"8":{"start":{"line":9,"column":0},"end":{"line":9,"column":50}},"9":{"start":{"line":10,"column":0},"end":{"line":10,"column":59}},"10":{"start":{"line":11,"column":0},"end":{"line":11,"column":48}},"11":{"start":{"line":12,"column":0},"end":{"line":12,"column":69}},"12":{"start":{"line":13,"column":0},"end":{"line":13,"column":0}},"13":{"start":{"line":14,"column":0},"end":{"line":14,"column":12}},"14":{"start":{"line":15,"column":0},"end":{"line":15,"column":29}},"15":{"start":{"line":16,"column":0},"end":{"line":16,"column":19}},"16":{"start":{"line":17,"column":0},"end":{"line":17,"column":64}},"17":{"start":{"line":18,"column":0},"end":{"line":18,"column":45}},"18":{"start":{"line":19,"column":0},"end":{"line":19,"column":42}},"19":{"start":{"line":20,"column":0},"end":{"line":20,"column":2}},"20":{"start":{"line":21,"column":0},"end":{"line":21,"column":51}},"21":{"start":{"line":22,"column":0},"end":{"line":22,"column":24}},"22":{"start":{"line":23,"column":0},"end":{"line":23,"column":0}},"23":{"start":{"line":24,"column":0},"end":{"line":24,"column":14}},"24":{"start":{"line":25,"column":0},"end":{"line":25,"column":28}},"25":{"start":{"line":26,"column":0},"end":{"line":26,"column":35}},"26":{"start":{"line":27,"column":0},"end":{"line":27,"column":6}},"27":{"start":{"line":28,"column":0},"end":{"line":28,"column":0}},"28":{"start":{"line":29,"column":0},"end":{"line":29,"column":14}},"29":{"start":{"line":30,"column":0},"end":{"line":30,"column":36}},"30":{"start":{"line":31,"column":0},"end":{"line":31,"column":92}},"31":{"start":{"line":32,"column":0},"end":{"line":32,"column":53}},"32":{"start":{"line":33,"column":0},"end":{"line":33,"column":45}},"33":{"start":{"line":34,"column":0},"end":{"line":34,"column":45}},"34":{"start":{"line":35,"column":0},"end":{"line":35,"column":76}},"35":{"start":{"line":36,"column":0},"end":{"line":36,"column":71}},"36":{"start":{"line":37,"column":0},"end":{"line":37,"column":7}},"37":{"start":{"line":38,"column":0},"end":{"line":38,"column":3}},"38":{"start":{"line":39,"column":0},"end":{"line":39,"column":0}},"39":{"start":{"line":40,"column":0},"end":{"line":40,"column":15}},"40":{"start":{"line":41,"column":0},"end":{"line":41,"column":39}},"41":{"start":{"line":42,"column":0},"end":{"line":42,"column":3}},"42":{"start":{"line":43,"column":0},"end":{"line":43,"column":0}},"43":{"start":{"line":44,"column":0},"end":{"line":44,"column":21}},"44":{"start":{"line":45,"column":0},"end":{"line":45,"column":45}},"45":{"start":{"line":46,"column":0},"end":{"line":46,"column":3}},"46":{"start":{"line":47,"column":0},"end":{"line":47,"column":0}},"47":{"start":{"line":48,"column":0},"end":{"line":48,"column":19}},"48":{"start":{"line":49,"column":0},"end":{"line":49,"column":43}},"49":{"start":{"line":50,"column":0},"end":{"line":50,"column":3}},"50":{"start":{"line":51,"column":0},"end":{"line":51,"column":0}},"51":{"start":{"line":52,"column":0},"end":{"line":52,"column":19}},"52":{"start":{"line":53,"column":0},"end":{"line":53,"column":43}},"53":{"start":{"line":54,"column":0},"end":{"line":54,"column":3}},"54":{"start":{"line":55,"column":0},"end":{"line":55,"column":0}},"55":{"start":{"line":56,"column":0},"end":{"line":56,"column":22}},"56":{"start":{"line":57,"column":0},"end":{"line":57,"column":46}},"57":{"start":{"line":58,"column":0},"end":{"line":58,"column":3}},"58":{"start":{"line":59,"column":0},"end":{"line":59,"column":0}},"59":{"start":{"line":60,"column":0},"end":{"line":60,"column":25}},"60":{"start":{"line":61,"column":0},"end":{"line":61,"column":51}},"61":{"start":{"line":62,"column":0},"end":{"line":62,"column":3}},"62":{"start":{"line":63,"column":0},"end":{"line":63,"column":0}},"63":{"start":{"line":64,"column":0},"end":{"line":64,"column":17}},"64":{"start":{"line":65,"column":0},"end":{"line":65,"column":32}},"65":{"start":{"line":66,"column":0},"end":{"line":66,"column":3}},"66":{"start":{"line":67,"column":0},"end":{"line":67,"column":0}},"67":{"start":{"line":68,"column":0},"end":{"line":68,"column":51}},"68":{"start":{"line":69,"column":0},"end":{"line":69,"column":29}},"69":{"start":{"line":70,"column":0},"end":{"line":70,"column":49}},"70":{"start":{"line":71,"column":0},"end":{"line":71,"column":31}},"71":{"start":{"line":72,"column":0},"end":{"line":72,"column":52}},"72":{"start":{"line":73,"column":0},"end":{"line":73,"column":5}},"73":{"start":{"line":74,"column":0},"end":{"line":74,"column":16}},"74":{"start":{"line":75,"column":0},"end":{"line":75,"column":3}},"75":{"start":{"line":76,"column":0},"end":{"line":76,"column":0}},"76":{"start":{"line":77,"column":0},"end":{"line":77,"column":26}},"77":{"start":{"line":78,"column":0},"end":{"line":78,"column":26}},"78":{"start":{"line":79,"column":0},"end":{"line":79,"column":41}},"79":{"start":{"line":80,"column":0},"end":{"line":80,"column":7}},"80":{"start":{"line":81,"column":0},"end":{"line":81,"column":3}},"81":{"start":{"line":82,"column":0},"end":{"line":82,"column":0}},"82":{"start":{"line":83,"column":0},"end":{"line":83,"column":12}},"83":{"start":{"line":84,"column":0},"end":{"line":84,"column":31}},"84":{"start":{"line":85,"column":0},"end":{"line":85,"column":39}},"85":{"start":{"line":86,"column":0},"end":{"line":86,"column":5}},"86":{"start":{"line":87,"column":0},"end":{"line":87,"column":3}},"87":{"start":{"line":88,"column":0},"end":{"line":88,"column":0}},"88":{"start":{"line":89,"column":0},"end":{"line":89,"column":28}},"89":{"start":{"line":90,"column":0},"end":{"line":90,"column":30}},"90":{"start":{"line":91,"column":0},"end":{"line":91,"column":3}},"91":{"start":{"line":92,"column":0},"end":{"line":92,"column":0}},"92":{"start":{"line":93,"column":0},"end":{"line":93,"column":14}},"93":{"start":{"line":94,"column":0},"end":{"line":94,"column":31}},"94":{"start":{"line":95,"column":0},"end":{"line":95,"column":32}},"95":{"start":{"line":96,"column":0},"end":{"line":96,"column":31}},"96":{"start":{"line":97,"column":0},"end":{"line":97,"column":18}},"97":{"start":{"line":98,"column":0},"end":{"line":98,"column":44}},"98":{"start":{"line":99,"column":0},"end":{"line":99,"column":56}},"99":{"start":{"line":100,"column":0},"end":{"line":100,"column":125}},"100":{"start":{"line":101,"column":0},"end":{"line":101,"column":65}},"101":{"start":{"line":102,"column":0},"end":{"line":102,"column":89}},"102":{"start":{"line":103,"column":0},"end":{"line":103,"column":10}},"103":{"start":{"line":104,"column":0},"end":{"line":104,"column":23}},"104":{"start":{"line":105,"column":0},"end":{"line":105,"column":8}},"105":{"start":{"line":106,"column":0},"end":{"line":106,"column":61}},"106":{"start":{"line":107,"column":0},"end":{"line":107,"column":64}},"107":{"start":{"line":108,"column":0},"end":{"line":108,"column":28}},"108":{"start":{"line":109,"column":0},"end":{"line":109,"column":9}},"109":{"start":{"line":110,"column":0},"end":{"line":110,"column":5}},"110":{"start":{"line":111,"column":0},"end":{"line":111,"column":19}},"111":{"start":{"line":112,"column":0},"end":{"line":112,"column":3}},"112":{"start":{"line":113,"column":0},"end":{"line":113,"column":0}},"113":{"start":{"line":114,"column":0},"end":{"line":114,"column":13}},"114":{"start":{"line":115,"column":0},"end":{"line":115,"column":27}},"115":{"start":{"line":116,"column":0},"end":{"line":116,"column":22}},"116":{"start":{"line":117,"column":0},"end":{"line":117,"column":37}},"117":{"start":{"line":118,"column":0},"end":{"line":118,"column":3}},"118":{"start":{"line":119,"column":0},"end":{"line":119,"column":1}}},"s":{"0":1,"1":1,"2":1,"3":1,"4":1,"5":1,"6":1,"7":1,"8":1,"9":1,"10":1,"11":1,"12":1,"13":1,"14":1,"15":1,"16":1,"17":1,"18":1,"19":1,"20":1,"21":1,"22":1,"23":1,"24":6,"25":6,"26":6,"27":1,"28":1,"29":6,"30":6,"31":6,"32":6,"33":6,"34":6,"35":6,"36":6,"37":6,"38":1,"39":1,"40":157,"41":157,"42":1,"43":1,"44":25,"45":25,"46":1,"47":1,"48":85,"49":85,"50":1,"51":1,"52":85,"53":85,"54":1,"55":1,"56":121,"57":121,"58":1,"59":1,"60":45,"61":45,"62":1,"63":1,"64":12,"65":12,"66":1,"67":1,"68":18,"69":18,"70":18,"71":0,"72":0,"73":18,"74":18,"75":1,"76":1,"77":12,"78":12,"79":12,"80":12,"81":1,"82":1,"83":8,"84":6,"85":6,"86":8,"87":1,"88":1,"89":1,"90":1,"91":1,"92":1,"93":0,"94":0,"95":0,"96":0,"97":0,"98":0,"99":0,"100":0,"101":0,"102":0,"103":0,"104":0,"105":0,"106":0,"107":0,"108":0,"109":0,"110":0,"111":0,"112":1,"113":1,"114":0,"115":0,"116":0,"117":0,"118":1},"branchMap":{"0":{"type":"branch","line":24,"loc":{"start":{"line":24,"column":2},"end":{"line":27,"column":6}},"locations":[{"start":{"line":24,"column":2},"end":{"line":27,"column":6}}]},"1":{"type":"branch","line":29,"loc":{"start":{"line":29,"column":2},"end":{"line":38,"column":3}},"locations":[{"start":{"line":29,"column":2},"end":{"line":38,"column":3}}]},"2":{"type":"branch","line":40,"loc":{"start":{"line":40,"column":2},"end":{"line":42,"column":3}},"locations":[{"start":{"line":40,"column":2},"end":{"line":42,"column":3}}]},"3":{"type":"branch","line":44,"loc":{"start":{"line":44,"column":2},"end":{"line":46,"column":3}},"locations":[{"start":{"line":44,"column":2},"end":{"line":46,"column":3}}]},"4":{"type":"branch","line":48,"loc":{"start":{"line":48,"column":2},"end":{"line":50,"column":3}},"locations":[{"start":{"line":48,"column":2},"end":{"line":50,"column":3}}]},"5":{"type":"branch","line":52,"loc":{"start":{"line":52,"column":2},"end":{"line":54,"column":3}},"locations":[{"start":{"line":52,"column":2},"end":{"line":54,"column":3}}]},"6":{"type":"branch","line":56,"loc":{"start":{"line":56,"column":2},"end":{"line":58,"column":3}},"locations":[{"start":{"line":56,"column":2},"end":{"line":58,"column":3}}]},"7":{"type":"branch","line":60,"loc":{"start":{"line":60,"column":2},"end":{"line":62,"column":3}},"locations":[{"start":{"line":60,"column":2},"end":{"line":62,"column":3}}]},"8":{"type":"branch","line":64,"loc":{"start":{"line":64,"column":2},"end":{"line":66,"column":3}},"locations":[{"start":{"line":64,"column":2},"end":{"line":66,"column":3}}]},"9":{"type":"branch","line":68,"loc":{"start":{"line":68,"column":2},"end":{"line":75,"column":3}},"locations":[{"start":{"line":68,"column":2},"end":{"line":75,"column":3}}]},"10":{"type":"branch","line":71,"loc":{"start":{"line":71,"column":30},"end":{"line":73,"column":5}},"locations":[{"start":{"line":71,"column":30},"end":{"line":73,"column":5}}]},"11":{"type":"branch","line":77,"loc":{"start":{"line":77,"column":2},"end":{"line":81,"column":3}},"locations":[{"start":{"line":77,"column":2},"end":{"line":81,"column":3}}]},"12":{"type":"branch","line":83,"loc":{"start":{"line":83,"column":2},"end":{"line":87,"column":3}},"locations":[{"start":{"line":83,"column":2},"end":{"line":87,"column":3}}]},"13":{"type":"branch","line":84,"loc":{"start":{"line":84,"column":30},"end":{"line":86,"column":5}},"locations":[{"start":{"line":84,"column":30},"end":{"line":86,"column":5}}]},"14":{"type":"branch","line":89,"loc":{"start":{"line":89,"column":2},"end":{"line":91,"column":3}},"locations":[{"start":{"line":89,"column":2},"end":{"line":91,"column":3}}]}},"b":{"0":[6],"1":[6],"2":[157],"3":[25],"4":[85],"5":[85],"6":[121],"7":[45],"8":[12],"9":[18],"10":[0],"11":[12],"12":[8],"13":[6],"14":[1]},"fnMap":{"0":{"name":"AdminFormComponent","decl":{"start":{"line":24,"column":2},"end":{"line":27,"column":6}},"loc":{"start":{"line":24,"column":2},"end":{"line":27,"column":6}},"line":24},"1":{"name":"ngOnInit","decl":{"start":{"line":29,"column":2},"end":{"line":38,"column":3}},"loc":{"start":{"line":29,"column":2},"end":{"line":38,"column":3}},"line":29},"2":{"name":"get title","decl":{"start":{"line":40,"column":2},"end":{"line":42,"column":3}},"loc":{"start":{"line":40,"column":2},"end":{"line":42,"column":3}},"line":40},"3":{"name":"get description","decl":{"start":{"line":44,"column":2},"end":{"line":46,"column":3}},"loc":{"start":{"line":44,"column":2},"end":{"line":46,"column":3}},"line":44},"4":{"name":"get imageLink","decl":{"start":{"line":48,"column":2},"end":{"line":50,"column":3}},"loc":{"start":{"line":48,"column":2},"end":{"line":50,"column":3}},"line":48},"5":{"name":"get videoLink","decl":{"start":{"line":52,"column":2},"end":{"line":54,"column":3}},"loc":{"start":{"line":52,"column":2},"end":{"line":54,"column":3}},"line":52},"6":{"name":"get creationDate","decl":{"start":{"line":56,"column":2},"end":{"line":58,"column":3}},"loc":{"start":{"line":56,"column":2},"end":{"line":58,"column":3}},"line":56},"7":{"name":"get tags","decl":{"start":{"line":60,"column":2},"end":{"line":62,"column":3}},"loc":{"start":{"line":60,"column":2},"end":{"line":62,"column":3}},"line":60},"8":{"name":"get isValid","decl":{"start":{"line":64,"column":2},"end":{"line":66,"column":3}},"loc":{"start":{"line":64,"column":2},"end":{"line":66,"column":3}},"line":64},"9":{"name":"creationDateValidator","decl":{"start":{"line":68,"column":2},"end":{"line":75,"column":3}},"loc":{"start":{"line":68,"column":2},"end":{"line":75,"column":3}},"line":68},"10":{"name":"createTag","decl":{"start":{"line":77,"column":2},"end":{"line":81,"column":3}},"loc":{"start":{"line":77,"column":2},"end":{"line":81,"column":3}},"line":77},"11":{"name":"addTag","decl":{"start":{"line":83,"column":2},"end":{"line":87,"column":3}},"loc":{"start":{"line":83,"column":2},"end":{"line":87,"column":3}},"line":83},"12":{"name":"removeTag","decl":{"start":{"line":89,"column":2},"end":{"line":91,"column":3}},"loc":{"start":{"line":89,"column":2},"end":{"line":91,"column":3}},"line":89},"13":{"name":"onSubmit","decl":{"start":{"line":93,"column":2},"end":{"line":112,"column":3}},"loc":{"start":{"line":93,"column":2},"end":{"line":112,"column":3}},"line":93},"14":{"name":"onReset","decl":{"start":{"line":114,"column":2},"end":{"line":118,"column":3}},"loc":{"start":{"line":114,"column":2},"end":{"line":118,"column":3}},"line":114}},"f":{"0":6,"1":6,"2":157,"3":25,"4":85,"5":85,"6":121,"7":45,"8":12,"9":18,"10":12,"11":8,"12":1,"13":0,"14":0}}
,"/Users/angelinabezik/Documents/RollingScopes/angelinabz-ANGULAR2024Q3/youtube-client-app/src/app/auth/components/login-form/login-form.component.html": {"path":"/Users/angelinabezik/Documents/RollingScopes/angelinabz-ANGULAR2024Q3/youtube-client-app/src/app/auth/components/login-form/login-form.component.html","all":false,"statementMap":{"0":{"start":{"line":1,"column":0},"end":{"line":1,"column":49}},"1":{"start":{"line":2,"column":0},"end":{"line":2,"column":37}},"2":{"start":{"line":3,"column":0},"end":{"line":3,"column":64}},"3":{"start":{"line":4,"column":0},"end":{"line":4,"column":102}},"4":{"start":{"line":5,"column":0},"end":{"line":5,"column":30}},"5":{"start":{"line":6,"column":0},"end":{"line":6,"column":8}},"6":{"start":{"line":7,"column":0},"end":{"line":7,"column":99}},"7":{"start":{"line":8,"column":0},"end":{"line":8,"column":30}},"8":{"start":{"line":9,"column":0},"end":{"line":9,"column":8}},"9":{"start":{"line":10,"column":0},"end":{"line":10,"column":0}},"10":{"start":{"line":11,"column":0},"end":{"line":11,"column":40}},"11":{"start":{"line":12,"column":0},"end":{"line":12,"column":68}},"12":{"start":{"line":13,"column":0},"end":{"line":13,"column":102}},"13":{"start":{"line":14,"column":0},"end":{"line":14,"column":27}},"14":{"start":{"line":15,"column":0},"end":{"line":15,"column":8}},"15":{"start":{"line":16,"column":0},"end":{"line":16,"column":106}},"16":{"start":{"line":17,"column":0},"end":{"line":17,"column":44}},"17":{"start":{"line":18,"column":0},"end":{"line":18,"column":8}},"18":{"start":{"line":19,"column":0},"end":{"line":19,"column":105}},"19":{"start":{"line":20,"column":0},"end":{"line":20,"column":7}}},"s":{"0":2,"1":2,"2":2,"3":2,"4":2,"5":2,"6":2,"7":2,"8":2,"9":2,"10":2,"11":2,"12":2,"13":2,"14":2,"15":2,"16":2,"17":2,"18":2,"19":2},"branchMap":{"0":{"type":"branch","line":1,"loc":{"start":{"line":1,"column":0},"end":{"line":20,"column":7}},"locations":[{"start":{"line":1,"column":0},"end":{"line":20,"column":7}}]},"1":{"type":"branch","line":1,"loc":{"start":{"line":1,"column":0},"end":{"line":20,"column":7}},"locations":[{"start":{"line":1,"column":0},"end":{"line":20,"column":7}}]}},"b":{"0":[2],"1":[2]},"fnMap":{"0":{"name":"Object.<anonymous>","decl":{"start":{"line":1,"column":0},"end":{"line":20,"column":7}},"loc":{"start":{"line":1,"column":0},"end":{"line":20,"column":7}},"line":1}},"f":{"0":2}}
,"/Users/angelinabezik/Documents/RollingScopes/angelinabz-ANGULAR2024Q3/youtube-client-app/src/app/auth/components/login-form/login-form.component.ts": {"path":"/Users/angelinabezik/Documents/RollingScopes/angelinabz-ANGULAR2024Q3/youtube-client-app/src/app/auth/components/login-form/login-form.component.ts","all":false,"statementMap":{"0":{"start":{"line":1,"column":0},"end":{"line":1,"column":47}},"1":{"start":{"line":2,"column":0},"end":{"line":2,"column":50}},"2":{"start":{"line":3,"column":0},"end":{"line":3,"column":8}},"3":{"start":{"line":4,"column":0},"end":{"line":4,"column":74}},"4":{"start":{"line":5,"column":0},"end":{"line":5,"column":24}},"5":{"start":{"line":6,"column":0},"end":{"line":6,"column":41}},"6":{"start":{"line":7,"column":0},"end":{"line":7,"column":0}},"7":{"start":{"line":8,"column":0},"end":{"line":8,"column":85}},"8":{"start":{"line":9,"column":0},"end":{"line":9,"column":66}},"9":{"start":{"line":10,"column":0},"end":{"line":10,"column":0}},"10":{"start":{"line":11,"column":0},"end":{"line":11,"column":12}},"11":{"start":{"line":12,"column":0},"end":{"line":12,"column":29}},"12":{"start":{"line":13,"column":0},"end":{"line":13,"column":19}},"13":{"start":{"line":14,"column":0},"end":{"line":14,"column":64}},"14":{"start":{"line":15,"column":0},"end":{"line":15,"column":45}},"15":{"start":{"line":16,"column":0},"end":{"line":16,"column":42}},"16":{"start":{"line":17,"column":0},"end":{"line":17,"column":2}},"17":{"start":{"line":18,"column":0},"end":{"line":18,"column":51}},"18":{"start":{"line":19,"column":0},"end":{"line":19,"column":24}},"19":{"start":{"line":20,"column":0},"end":{"line":20,"column":0}},"20":{"start":{"line":21,"column":0},"end":{"line":21,"column":14}},"21":{"start":{"line":22,"column":0},"end":{"line":22,"column":28}},"22":{"start":{"line":23,"column":0},"end":{"line":23,"column":39}},"23":{"start":{"line":24,"column":0},"end":{"line":24,"column":27}},"24":{"start":{"line":25,"column":0},"end":{"line":25,"column":6}},"25":{"start":{"line":26,"column":0},"end":{"line":26,"column":0}},"26":{"start":{"line":27,"column":0},"end":{"line":27,"column":14}},"27":{"start":{"line":28,"column":0},"end":{"line":28,"column":36}},"28":{"start":{"line":29,"column":0},"end":{"line":29,"column":62}},"29":{"start":{"line":30,"column":0},"end":{"line":30,"column":68}},"30":{"start":{"line":31,"column":0},"end":{"line":31,"column":7}},"31":{"start":{"line":32,"column":0},"end":{"line":32,"column":3}},"32":{"start":{"line":33,"column":0},"end":{"line":33,"column":0}},"33":{"start":{"line":34,"column":0},"end":{"line":34,"column":47}},"34":{"start":{"line":35,"column":0},"end":{"line":35,"column":43}},"35":{"start":{"line":36,"column":0},"end":{"line":36,"column":48}},"36":{"start":{"line":37,"column":0},"end":{"line":37,"column":48}},"37":{"start":{"line":38,"column":0},"end":{"line":38,"column":43}},"38":{"start":{"line":39,"column":0},"end":{"line":39,"column":57}},"39":{"start":{"line":40,"column":0},"end":{"line":40,"column":57}},"40":{"start":{"line":41,"column":0},"end":{"line":41,"column":0}},"41":{"start":{"line":42,"column":0},"end":{"line":42,"column":23}},"42":{"start":{"line":43,"column":0},"end":{"line":43,"column":82}},"43":{"start":{"line":44,"column":0},"end":{"line":44,"column":5}},"44":{"start":{"line":45,"column":0},"end":{"line":45,"column":76}},"45":{"start":{"line":46,"column":0},"end":{"line":46,"column":14}},"46":{"start":{"line":47,"column":0},"end":{"line":47,"column":57}},"47":{"start":{"line":48,"column":0},"end":{"line":48,"column":107}},"48":{"start":{"line":49,"column":0},"end":{"line":49,"column":8}},"49":{"start":{"line":50,"column":0},"end":{"line":50,"column":5}},"50":{"start":{"line":51,"column":0},"end":{"line":51,"column":16}},"51":{"start":{"line":52,"column":0},"end":{"line":52,"column":3}},"52":{"start":{"line":53,"column":0},"end":{"line":53,"column":0}},"53":{"start":{"line":54,"column":0},"end":{"line":54,"column":18}},"54":{"start":{"line":55,"column":0},"end":{"line":55,"column":42}},"55":{"start":{"line":56,"column":0},"end":{"line":56,"column":3}},"56":{"start":{"line":57,"column":0},"end":{"line":57,"column":0}},"57":{"start":{"line":58,"column":0},"end":{"line":58,"column":18}},"58":{"start":{"line":59,"column":0},"end":{"line":59,"column":42}},"59":{"start":{"line":60,"column":0},"end":{"line":60,"column":3}},"60":{"start":{"line":61,"column":0},"end":{"line":61,"column":0}},"61":{"start":{"line":62,"column":0},"end":{"line":62,"column":17}},"62":{"start":{"line":63,"column":0},"end":{"line":63,"column":32}},"63":{"start":{"line":64,"column":0},"end":{"line":64,"column":3}},"64":{"start":{"line":65,"column":0},"end":{"line":65,"column":0}},"65":{"start":{"line":66,"column":0},"end":{"line":66,"column":14}},"66":{"start":{"line":67,"column":0},"end":{"line":67,"column":31}},"67":{"start":{"line":68,"column":0},"end":{"line":68,"column":58}},"68":{"start":{"line":69,"column":0},"end":{"line":69,"column":50}},"69":{"start":{"line":70,"column":0},"end":{"line":70,"column":38}},"70":{"start":{"line":71,"column":0},"end":{"line":71,"column":5}},"71":{"start":{"line":72,"column":0},"end":{"line":72,"column":3}},"72":{"start":{"line":73,"column":0},"end":{"line":73,"column":1}}},"s":{"0":1,"1":1,"2":1,"3":1,"4":1,"5":1,"6":1,"7":1,"8":1,"9":1,"10":1,"11":1,"12":1,"13":1,"14":1,"15":1,"16":1,"17":1,"18":1,"19":1,"20":1,"21":2,"22":2,"23":2,"24":2,"25":1,"26":1,"27":2,"28":2,"29":2,"30":2,"31":2,"32":1,"33":1,"34":6,"35":6,"36":6,"37":6,"38":6,"39":6,"40":6,"41":6,"42":6,"43":6,"44":6,"45":0,"46":0,"47":0,"48":0,"49":0,"50":0,"51":0,"52":1,"53":1,"54":40,"55":40,"56":1,"57":1,"58":56,"59":56,"60":1,"61":1,"62":4,"63":4,"64":1,"65":1,"66":0,"67":0,"68":0,"69":0,"70":0,"71":0,"72":1},"branchMap":{"0":{"type":"branch","line":21,"loc":{"start":{"line":21,"column":2},"end":{"line":25,"column":6}},"locations":[{"start":{"line":21,"column":2},"end":{"line":25,"column":6}}]},"1":{"type":"branch","line":27,"loc":{"start":{"line":27,"column":2},"end":{"line":32,"column":3}},"locations":[{"start":{"line":27,"column":2},"end":{"line":32,"column":3}}]},"2":{"type":"branch","line":34,"loc":{"start":{"line":34,"column":2},"end":{"line":52,"column":3}},"locations":[{"start":{"line":34,"column":2},"end":{"line":52,"column":3}}]},"3":{"type":"branch","line":40,"loc":{"start":{"line":40,"column":32},"end":{"line":40,"column":56}},"locations":[{"start":{"line":40,"column":32},"end":{"line":40,"column":56}}]},"4":{"type":"branch","line":45,"loc":{"start":{"line":45,"column":-1},"end":{"line":45,"column":38}},"locations":[{"start":{"line":45,"column":-1},"end":{"line":45,"column":38}}]},"5":{"type":"branch","line":45,"loc":{"start":{"line":45,"column":38},"end":{"line":45,"column":53}},"locations":[{"start":{"line":45,"column":38},"end":{"line":45,"column":53}}]},"6":{"type":"branch","line":45,"loc":{"start":{"line":45,"column":53},"end":{"line":45,"column":73}},"locations":[{"start":{"line":45,"column":53},"end":{"line":45,"column":73}}]},"7":{"type":"branch","line":45,"loc":{"start":{"line":45,"column":75},"end":{"line":52,"column":3}},"locations":[{"start":{"line":45,"column":75},"end":{"line":52,"column":3}}]},"8":{"type":"branch","line":54,"loc":{"start":{"line":54,"column":2},"end":{"line":56,"column":3}},"locations":[{"start":{"line":54,"column":2},"end":{"line":56,"column":3}}]},"9":{"type":"branch","line":58,"loc":{"start":{"line":58,"column":2},"end":{"line":60,"column":3}},"locations":[{"start":{"line":58,"column":2},"end":{"line":60,"column":3}}]},"10":{"type":"branch","line":62,"loc":{"start":{"line":62,"column":2},"end":{"line":64,"column":3}},"locations":[{"start":{"line":62,"column":2},"end":{"line":64,"column":3}}]}},"b":{"0":[2],"1":[2],"2":[6],"3":[0],"4":[0],"5":[0],"6":[0],"7":[0],"8":[40],"9":[56],"10":[4]},"fnMap":{"0":{"name":"LoginFormComponent","decl":{"start":{"line":21,"column":2},"end":{"line":25,"column":6}},"loc":{"start":{"line":21,"column":2},"end":{"line":25,"column":6}},"line":21},"1":{"name":"ngOnInit","decl":{"start":{"line":27,"column":2},"end":{"line":32,"column":3}},"loc":{"start":{"line":27,"column":2},"end":{"line":32,"column":3}},"line":27},"2":{"name":"passwordValidator","decl":{"start":{"line":34,"column":2},"end":{"line":52,"column":3}},"loc":{"start":{"line":34,"column":2},"end":{"line":52,"column":3}},"line":34},"3":{"name":"get username","decl":{"start":{"line":54,"column":2},"end":{"line":56,"column":3}},"loc":{"start":{"line":54,"column":2},"end":{"line":56,"column":3}},"line":54},"4":{"name":"get password","decl":{"start":{"line":58,"column":2},"end":{"line":60,"column":3}},"loc":{"start":{"line":58,"column":2},"end":{"line":60,"column":3}},"line":58},"5":{"name":"get isValid","decl":{"start":{"line":62,"column":2},"end":{"line":64,"column":3}},"loc":{"start":{"line":62,"column":2},"end":{"line":64,"column":3}},"line":62},"6":{"name":"onSubmit","decl":{"start":{"line":66,"column":2},"end":{"line":72,"column":3}},"loc":{"start":{"line":66,"column":2},"end":{"line":72,"column":3}},"line":66}},"f":{"0":2,"1":2,"2":6,"3":40,"4":56,"5":4,"6":0}}
,"/Users/angelinabezik/Documents/RollingScopes/angelinabz-ANGULAR2024Q3/youtube-client-app/src/app/auth/pages/admin/admin.component.html": {"path":"/Users/angelinabezik/Documents/RollingScopes/angelinabz-ANGULAR2024Q3/youtube-client-app/src/app/auth/pages/admin/admin.component.html","all":false,"statementMap":{"0":{"start":{"line":1,"column":0},"end":{"line":1,"column":29}},"1":{"start":{"line":2,"column":0},"end":{"line":2,"column":24}},"2":{"start":{"line":3,"column":0},"end":{"line":3,"column":35}},"3":{"start":{"line":4,"column":0},"end":{"line":4,"column":6}}},"s":{"0":1,"1":1,"2":1,"3":1},"branchMap":{"0":{"type":"branch","line":1,"loc":{"start":{"line":1,"column":0},"end":{"line":4,"column":6}},"locations":[{"start":{"line":1,"column":0},"end":{"line":4,"column":6}}]},"1":{"type":"branch","line":1,"loc":{"start":{"line":1,"column":0},"end":{"line":4,"column":6}},"locations":[{"start":{"line":1,"column":0},"end":{"line":4,"column":6}}]}},"b":{"0":[1],"1":[1]},"fnMap":{"0":{"name":"Object.<anonymous>","decl":{"start":{"line":1,"column":0},"end":{"line":4,"column":6}},"loc":{"start":{"line":1,"column":0},"end":{"line":4,"column":6}},"line":1}},"f":{"0":1}}
,"/Users/angelinabezik/Documents/RollingScopes/angelinabz-ANGULAR2024Q3/youtube-client-app/src/app/auth/pages/admin/admin.component.ts": {"path":"/Users/angelinabezik/Documents/RollingScopes/angelinabz-ANGULAR2024Q3/youtube-client-app/src/app/auth/pages/admin/admin.component.ts","all":false,"statementMap":{"0":{"start":{"line":1,"column":0},"end":{"line":1,"column":42}},"1":{"start":{"line":2,"column":0},"end":{"line":2,"column":0}},"2":{"start":{"line":3,"column":0},"end":{"line":3,"column":86}},"3":{"start":{"line":4,"column":0},"end":{"line":4,"column":0}},"4":{"start":{"line":5,"column":0},"end":{"line":5,"column":12}},"5":{"start":{"line":6,"column":0},"end":{"line":6,"column":24}},"6":{"start":{"line":7,"column":0},"end":{"line":7,"column":19}},"7":{"start":{"line":8,"column":0},"end":{"line":8,"column":32}},"8":{"start":{"line":9,"column":0},"end":{"line":9,"column":40}},"9":{"start":{"line":10,"column":0},"end":{"line":10,"column":37}},"10":{"start":{"line":11,"column":0},"end":{"line":11,"column":2}},"11":{"start":{"line":12,"column":0},"end":{"line":12,"column":30}}},"s":{"0":1,"1":1,"2":1,"3":1,"4":1,"5":1,"6":1,"7":1,"8":1,"9":1,"10":1,"11":1},"branchMap":{},"b":{},"fnMap":{},"f":{}}
,"/Users/angelinabezik/Documents/RollingScopes/angelinabz-ANGULAR2024Q3/youtube-client-app/src/app/auth/pages/login/login.component.html": {"path":"/Users/angelinabezik/Documents/RollingScopes/angelinabz-ANGULAR2024Q3/youtube-client-app/src/app/auth/pages/login/login.component.html","all":false,"statementMap":{"0":{"start":{"line":1,"column":0},"end":{"line":1,"column":29}},"1":{"start":{"line":2,"column":0},"end":{"line":2,"column":14}},"2":{"start":{"line":3,"column":0},"end":{"line":3,"column":35}},"3":{"start":{"line":4,"column":0},"end":{"line":4,"column":6}}},"s":{"0":1,"1":1,"2":1,"3":1},"branchMap":{"0":{"type":"branch","line":1,"loc":{"start":{"line":1,"column":0},"end":{"line":4,"column":6}},"locations":[{"start":{"line":1,"column":0},"end":{"line":4,"column":6}}]},"1":{"type":"branch","line":1,"loc":{"start":{"line":1,"column":0},"end":{"line":4,"column":6}},"locations":[{"start":{"line":1,"column":0},"end":{"line":4,"column":6}}]}},"b":{"0":[1],"1":[1]},"fnMap":{"0":{"name":"Object.<anonymous>","decl":{"start":{"line":1,"column":0},"end":{"line":4,"column":6}},"loc":{"start":{"line":1,"column":0},"end":{"line":4,"column":6}},"line":1}},"f":{"0":1}}
,"/Users/angelinabezik/Documents/RollingScopes/angelinabz-ANGULAR2024Q3/youtube-client-app/src/app/auth/pages/login/login.component.ts": {"path":"/Users/angelinabezik/Documents/RollingScopes/angelinabz-ANGULAR2024Q3/youtube-client-app/src/app/auth/pages/login/login.component.ts","all":false,"statementMap":{"0":{"start":{"line":1,"column":0},"end":{"line":1,"column":42}},"1":{"start":{"line":2,"column":0},"end":{"line":2,"column":0}},"2":{"start":{"line":3,"column":0},"end":{"line":3,"column":86}},"3":{"start":{"line":4,"column":0},"end":{"line":4,"column":0}},"4":{"start":{"line":5,"column":0},"end":{"line":5,"column":12}},"5":{"start":{"line":6,"column":0},"end":{"line":6,"column":24}},"6":{"start":{"line":7,"column":0},"end":{"line":7,"column":19}},"7":{"start":{"line":8,"column":0},"end":{"line":8,"column":32}},"8":{"start":{"line":9,"column":0},"end":{"line":9,"column":40}},"9":{"start":{"line":10,"column":0},"end":{"line":10,"column":37}},"10":{"start":{"line":11,"column":0},"end":{"line":11,"column":2}},"11":{"start":{"line":12,"column":0},"end":{"line":12,"column":30}}},"s":{"0":1,"1":1,"2":1,"3":1,"4":1,"5":1,"6":1,"7":1,"8":1,"9":1,"10":1,"11":1},"branchMap":{},"b":{},"fnMap":{},"f":{}}
,"/Users/angelinabezik/Documents/RollingScopes/angelinabz-ANGULAR2024Q3/youtube-client-app/src/app/auth/services/login/login.service.ts": {"path":"/Users/angelinabezik/Documents/RollingScopes/angelinabz-ANGULAR2024Q3/youtube-client-app/src/app/auth/services/login/login.service.ts","all":false,"statementMap":{"0":{"start":{"line":1,"column":0},"end":{"line":1,"column":43}},"1":{"start":{"line":2,"column":0},"end":{"line":2,"column":39}},"2":{"start":{"line":3,"column":0},"end":{"line":3,"column":0}},"3":{"start":{"line":4,"column":0},"end":{"line":4,"column":13}},"4":{"start":{"line":5,"column":0},"end":{"line":5,"column":21}},"5":{"start":{"line":6,"column":0},"end":{"line":6,"column":2}},"6":{"start":{"line":7,"column":0},"end":{"line":7,"column":27}},"7":{"start":{"line":8,"column":0},"end":{"line":8,"column":25}},"8":{"start":{"line":9,"column":0},"end":{"line":9,"column":84}},"9":{"start":{"line":10,"column":0},"end":{"line":10,"column":83}},"10":{"start":{"line":11,"column":0},"end":{"line":11,"column":54}},"11":{"start":{"line":12,"column":0},"end":{"line":12,"column":50}},"12":{"start":{"line":13,"column":0},"end":{"line":13,"column":0}},"13":{"start":{"line":14,"column":0},"end":{"line":14,"column":31}},"14":{"start":{"line":15,"column":0},"end":{"line":15,"column":54}},"15":{"start":{"line":16,"column":0},"end":{"line":16,"column":3}},"16":{"start":{"line":17,"column":0},"end":{"line":17,"column":0}},"17":{"start":{"line":18,"column":0},"end":{"line":18,"column":32}},"18":{"start":{"line":19,"column":0},"end":{"line":19,"column":44}},"19":{"start":{"line":20,"column":0},"end":{"line":20,"column":3}},"20":{"start":{"line":21,"column":0},"end":{"line":21,"column":0}},"21":{"start":{"line":22,"column":0},"end":{"line":22,"column":45}},"22":{"start":{"line":23,"column":0},"end":{"line":23,"column":47}},"23":{"start":{"line":24,"column":0},"end":{"line":24,"column":54}},"24":{"start":{"line":25,"column":0},"end":{"line":25,"column":47}},"25":{"start":{"line":26,"column":0},"end":{"line":26,"column":38}},"26":{"start":{"line":27,"column":0},"end":{"line":27,"column":40}},"27":{"start":{"line":28,"column":0},"end":{"line":28,"column":3}},"28":{"start":{"line":29,"column":0},"end":{"line":29,"column":0}},"29":{"start":{"line":30,"column":0},"end":{"line":30,"column":12}},"30":{"start":{"line":31,"column":0},"end":{"line":31,"column":24}},"31":{"start":{"line":32,"column":0},"end":{"line":32,"column":41}},"32":{"start":{"line":33,"column":0},"end":{"line":33,"column":40}},"33":{"start":{"line":34,"column":0},"end":{"line":34,"column":39}},"34":{"start":{"line":35,"column":0},"end":{"line":35,"column":36}},"35":{"start":{"line":36,"column":0},"end":{"line":36,"column":3}},"36":{"start":{"line":37,"column":0},"end":{"line":37,"column":1}}},"s":{"0":1,"1":1,"2":1,"3":1,"4":1,"5":1,"6":1,"7":9,"8":9,"9":9,"10":9,"11":9,"12":9,"13":9,"14":11,"15":11,"16":9,"17":9,"18":11,"19":11,"20":9,"21":9,"22":2,"23":2,"24":2,"25":2,"26":2,"27":2,"28":9,"29":9,"30":1,"31":1,"32":1,"33":1,"34":1,"35":1,"36":9},"branchMap":{"0":{"type":"branch","line":7,"loc":{"start":{"line":7,"column":7},"end":{"line":37,"column":1}},"locations":[{"start":{"line":7,"column":7},"end":{"line":37,"column":1}}]},"1":{"type":"branch","line":14,"loc":{"start":{"line":14,"column":2},"end":{"line":16,"column":3}},"locations":[{"start":{"line":14,"column":2},"end":{"line":16,"column":3}}]},"2":{"type":"branch","line":18,"loc":{"start":{"line":18,"column":2},"end":{"line":20,"column":3}},"locations":[{"start":{"line":18,"column":2},"end":{"line":20,"column":3}}]},"3":{"type":"branch","line":22,"loc":{"start":{"line":22,"column":2},"end":{"line":28,"column":3}},"locations":[{"start":{"line":22,"column":2},"end":{"line":28,"column":3}}]},"4":{"type":"branch","line":30,"loc":{"start":{"line":30,"column":2},"end":{"line":36,"column":3}},"locations":[{"start":{"line":30,"column":2},"end":{"line":36,"column":3}}]}},"b":{"0":[9],"1":[11],"2":[11],"3":[2],"4":[1]},"fnMap":{"0":{"name":"LoginService","decl":{"start":{"line":7,"column":7},"end":{"line":37,"column":1}},"loc":{"start":{"line":7,"column":7},"end":{"line":37,"column":1}},"line":7},"1":{"name":"checkLoginStatus","decl":{"start":{"line":14,"column":2},"end":{"line":16,"column":3}},"loc":{"start":{"line":14,"column":2},"end":{"line":16,"column":3}},"line":14},"2":{"name":"getUsername","decl":{"start":{"line":18,"column":2},"end":{"line":20,"column":3}},"loc":{"start":{"line":18,"column":2},"end":{"line":20,"column":3}},"line":18},"3":{"name":"login","decl":{"start":{"line":22,"column":2},"end":{"line":28,"column":3}},"loc":{"start":{"line":22,"column":2},"end":{"line":28,"column":3}},"line":22},"4":{"name":"logout","decl":{"start":{"line":30,"column":2},"end":{"line":36,"column":3}},"loc":{"start":{"line":30,"column":2},"end":{"line":36,"column":3}},"line":30}},"f":{"0":9,"1":11,"2":11,"3":2,"4":1}}
,"/Users/angelinabezik/Documents/RollingScopes/angelinabz-ANGULAR2024Q3/youtube-client-app/src/app/core/components/header/header.component.html": {"path":"/Users/angelinabezik/Documents/RollingScopes/angelinabz-ANGULAR2024Q3/youtube-client-app/src/app/core/components/header/header.component.html","all":false,"statementMap":{"0":{"start":{"line":1,"column":0},"end":{"line":1,"column":8}},"1":{"start":{"line":2,"column":0},"end":{"line":2,"column":46}},"2":{"start":{"line":3,"column":0},"end":{"line":3,"column":40}},"3":{"start":{"line":4,"column":0},"end":{"line":4,"column":18}},"4":{"start":{"line":5,"column":0},"end":{"line":5,"column":8}},"5":{"start":{"line":6,"column":0},"end":{"line":6,"column":32}},"6":{"start":{"line":7,"column":0},"end":{"line":7,"column":10}},"7":{"start":{"line":8,"column":0},"end":{"line":8,"column":19}},"8":{"start":{"line":9,"column":0},"end":{"line":9,"column":21}},"9":{"start":{"line":10,"column":0},"end":{"line":10,"column":30}},"10":{"start":{"line":11,"column":0},"end":{"line":11,"column":37}},"11":{"start":{"line":12,"column":0},"end":{"line":12,"column":31}},"12":{"start":{"line":13,"column":0},"end":{"line":13,"column":21}},"13":{"start":{"line":14,"column":0},"end":{"line":14,"column":29}},"14":{"start":{"line":15,"column":0},"end":{"line":15,"column":6}},"15":{"start":{"line":16,"column":0},"end":{"line":16,"column":70}},"16":{"start":{"line":17,"column":0},"end":{"line":17,"column":8}},"17":{"start":{"line":18,"column":0},"end":{"line":18,"column":23}},"18":{"start":{"line":19,"column":0},"end":{"line":19,"column":9}},"19":{"start":{"line":20,"column":0},"end":{"line":20,"column":47}}},"s":{"0":2,"1":2,"2":2,"3":2,"4":2,"5":2,"6":2,"7":2,"8":2,"9":2,"10":2,"11":2,"12":2,"13":2,"14":2,"15":2,"16":2,"17":2,"18":2,"19":2},"branchMap":{"0":{"type":"branch","line":1,"loc":{"start":{"line":1,"column":0},"end":{"line":20,"column":47}},"locations":[{"start":{"line":1,"column":0},"end":{"line":20,"column":47}}]},"1":{"type":"branch","line":1,"loc":{"start":{"line":1,"column":0},"end":{"line":20,"column":47}},"locations":[{"start":{"line":1,"column":0},"end":{"line":20,"column":47}}]}},"b":{"0":[2],"1":[2]},"fnMap":{"0":{"name":"Object.<anonymous>","decl":{"start":{"line":1,"column":0},"end":{"line":20,"column":47}},"loc":{"start":{"line":1,"column":0},"end":{"line":20,"column":47}},"line":1}},"f":{"0":2}}
,"/Users/angelinabezik/Documents/RollingScopes/angelinabz-ANGULAR2024Q3/youtube-client-app/src/app/core/components/header/header.component.ts": {"path":"/Users/angelinabezik/Documents/RollingScopes/angelinabz-ANGULAR2024Q3/youtube-client-app/src/app/core/components/header/header.component.ts","all":false,"statementMap":{"0":{"start":{"line":1,"column":0},"end":{"line":1,"column":47}},"1":{"start":{"line":2,"column":0},"end":{"line":2,"column":61}},"2":{"start":{"line":3,"column":0},"end":{"line":3,"column":45}},"3":{"start":{"line":4,"column":0},"end":{"line":4,"column":53}},"4":{"start":{"line":5,"column":0},"end":{"line":5,"column":8}},"5":{"start":{"line":6,"column":0},"end":{"line":6,"column":53}},"6":{"start":{"line":7,"column":0},"end":{"line":7,"column":14}},"7":{"start":{"line":8,"column":0},"end":{"line":8,"column":0}},"8":{"start":{"line":9,"column":0},"end":{"line":9,"column":85}},"9":{"start":{"line":10,"column":0},"end":{"line":10,"column":83}},"10":{"start":{"line":11,"column":0},"end":{"line":11,"column":63}},"11":{"start":{"line":12,"column":0},"end":{"line":12,"column":54}},"12":{"start":{"line":13,"column":0},"end":{"line":13,"column":0}},"13":{"start":{"line":14,"column":0},"end":{"line":14,"column":12}},"14":{"start":{"line":15,"column":0},"end":{"line":15,"column":25}},"15":{"start":{"line":16,"column":0},"end":{"line":16,"column":19}},"16":{"start":{"line":17,"column":0},"end":{"line":17,"column":101}},"17":{"start":{"line":18,"column":0},"end":{"line":18,"column":41}},"18":{"start":{"line":19,"column":0},"end":{"line":19,"column":38}},"19":{"start":{"line":20,"column":0},"end":{"line":20,"column":2}},"20":{"start":{"line":21,"column":0},"end":{"line":21,"column":59}},"21":{"start":{"line":22,"column":0},"end":{"line":22,"column":14}},"22":{"start":{"line":23,"column":0},"end":{"line":23,"column":27}},"23":{"start":{"line":24,"column":0},"end":{"line":24,"column":41}},"24":{"start":{"line":25,"column":0},"end":{"line":25,"column":6}},"25":{"start":{"line":26,"column":0},"end":{"line":26,"column":0}},"26":{"start":{"line":27,"column":0},"end":{"line":27,"column":48}},"27":{"start":{"line":28,"column":0},"end":{"line":28,"column":0}},"28":{"start":{"line":29,"column":0},"end":{"line":29,"column":22}},"29":{"start":{"line":30,"column":0},"end":{"line":30,"column":0}},"30":{"start":{"line":31,"column":0},"end":{"line":31,"column":26}},"31":{"start":{"line":32,"column":0},"end":{"line":32,"column":0}},"32":{"start":{"line":33,"column":0},"end":{"line":33,"column":14}},"33":{"start":{"line":34,"column":0},"end":{"line":34,"column":22}},"34":{"start":{"line":35,"column":0},"end":{"line":35,"column":12}},"35":{"start":{"line":36,"column":0},"end":{"line":36,"column":26}},"36":{"start":{"line":37,"column":0},"end":{"line":37,"column":31}},"37":{"start":{"line":38,"column":0},"end":{"line":38,"column":64}},"38":{"start":{"line":39,"column":0},"end":{"line":39,"column":7}},"39":{"start":{"line":40,"column":0},"end":{"line":40,"column":28}},"40":{"start":{"line":41,"column":0},"end":{"line":41,"column":47}},"41":{"start":{"line":42,"column":0},"end":{"line":42,"column":40}},"42":{"start":{"line":43,"column":0},"end":{"line":43,"column":9}},"43":{"start":{"line":44,"column":0},"end":{"line":44,"column":3}},"44":{"start":{"line":45,"column":0},"end":{"line":45,"column":0}},"45":{"start":{"line":46,"column":0},"end":{"line":46,"column":17}},"46":{"start":{"line":47,"column":0},"end":{"line":47,"column":34}},"47":{"start":{"line":48,"column":0},"end":{"line":48,"column":3}},"48":{"start":{"line":49,"column":0},"end":{"line":49,"column":0}},"49":{"start":{"line":50,"column":0},"end":{"line":50,"column":19}},"50":{"start":{"line":51,"column":0},"end":{"line":51,"column":45}},"51":{"start":{"line":52,"column":0},"end":{"line":52,"column":3}},"52":{"start":{"line":53,"column":0},"end":{"line":53,"column":0}},"53":{"start":{"line":54,"column":0},"end":{"line":54,"column":22}},"54":{"start":{"line":55,"column":0},"end":{"line":55,"column":41}},"55":{"start":{"line":56,"column":0},"end":{"line":56,"column":3}},"56":{"start":{"line":57,"column":0},"end":{"line":57,"column":1}}},"s":{"0":1,"1":1,"2":1,"3":1,"4":1,"5":1,"6":1,"7":1,"8":1,"9":1,"10":1,"11":1,"12":1,"13":1,"14":1,"15":1,"16":1,"17":1,"18":1,"19":1,"20":1,"21":1,"22":3,"23":3,"24":3,"25":1,"26":1,"27":1,"28":1,"29":1,"30":1,"31":1,"32":1,"33":1,"34":1,"35":1,"36":1,"37":1,"38":1,"39":1,"40":0,"41":0,"42":1,"43":1,"44":1,"45":1,"46":3,"47":3,"48":1,"49":1,"50":0,"51":0,"52":1,"53":1,"54":0,"55":0,"56":1},"branchMap":{"0":{"type":"branch","line":22,"loc":{"start":{"line":22,"column":2},"end":{"line":25,"column":6}},"locations":[{"start":{"line":22,"column":2},"end":{"line":25,"column":6}}]},"1":{"type":"branch","line":33,"loc":{"start":{"line":33,"column":2},"end":{"line":44,"column":3}},"locations":[{"start":{"line":33,"column":2},"end":{"line":44,"column":3}}]},"2":{"type":"branch","line":46,"loc":{"start":{"line":46,"column":2},"end":{"line":48,"column":3}},"locations":[{"start":{"line":46,"column":2},"end":{"line":48,"column":3}}]}},"b":{"0":[3],"1":[1],"2":[3]},"fnMap":{"0":{"name":"HeaderComponent","decl":{"start":{"line":22,"column":2},"end":{"line":25,"column":6}},"loc":{"start":{"line":22,"column":2},"end":{"line":25,"column":6}},"line":22},"1":{"name":"ngOnInit","decl":{"start":{"line":33,"column":2},"end":{"line":44,"column":3}},"loc":{"start":{"line":33,"column":2},"end":{"line":44,"column":3}},"line":33},"2":{"name":"ngOnDestroy","decl":{"start":{"line":46,"column":2},"end":{"line":48,"column":3}},"loc":{"start":{"line":46,"column":2},"end":{"line":48,"column":3}},"line":46},"3":{"name":"onInputChange","decl":{"start":{"line":50,"column":2},"end":{"line":52,"column":3}},"loc":{"start":{"line":50,"column":2},"end":{"line":52,"column":3}},"line":50},"4":{"name":"showSortingBlock","decl":{"start":{"line":54,"column":2},"end":{"line":56,"column":3}},"loc":{"start":{"line":54,"column":2},"end":{"line":56,"column":3}},"line":54}},"f":{"0":3,"1":1,"2":3,"3":0,"4":0}}
,"/Users/angelinabezik/Documents/RollingScopes/angelinabz-ANGULAR2024Q3/youtube-client-app/src/app/core/components/header/sorting/sorting.component.html": {"path":"/Users/angelinabezik/Documents/RollingScopes/angelinabz-ANGULAR2024Q3/youtube-client-app/src/app/core/components/header/sorting/sorting.component.html","all":false,"statementMap":{"0":{"start":{"line":1,"column":0},"end":{"line":1,"column":31}},"1":{"start":{"line":2,"column":0},"end":{"line":2,"column":24}},"2":{"start":{"line":3,"column":0},"end":{"line":3,"column":22}},"3":{"start":{"line":4,"column":0},"end":{"line":4,"column":44}},"4":{"start":{"line":5,"column":0},"end":{"line":5,"column":11}},"5":{"start":{"line":6,"column":0},"end":{"line":6,"column":123}},"6":{"start":{"line":7,"column":0},"end":{"line":7,"column":124}},"7":{"start":{"line":8,"column":0},"end":{"line":8,"column":8}},"8":{"start":{"line":9,"column":0},"end":{"line":9,"column":49}},"9":{"start":{"line":10,"column":0},"end":{"line":10,"column":21}},"10":{"start":{"line":11,"column":0},"end":{"line":11,"column":119}},"11":{"start":{"line":12,"column":0},"end":{"line":12,"column":21}},"12":{"start":{"line":13,"column":0},"end":{"line":13,"column":7}},"13":{"start":{"line":14,"column":0},"end":{"line":14,"column":120}},"14":{"start":{"line":15,"column":0},"end":{"line":15,"column":21}},"15":{"start":{"line":16,"column":0},"end":{"line":16,"column":7}},"16":{"start":{"line":17,"column":0},"end":{"line":17,"column":8}},"17":{"start":{"line":18,"column":0},"end":{"line":18,"column":46}},"18":{"start":{"line":19,"column":0},"end":{"line":19,"column":96}},"19":{"start":{"line":20,"column":0},"end":{"line":20,"column":8}},"20":{"start":{"line":21,"column":0},"end":{"line":21,"column":6}}},"s":{"0":2,"1":2,"2":2,"3":2,"4":2,"5":2,"6":2,"7":2,"8":2,"9":2,"10":2,"11":2,"12":2,"13":2,"14":2,"15":2,"16":2,"17":2,"18":2,"19":2,"20":2},"branchMap":{"0":{"type":"branch","line":1,"loc":{"start":{"line":1,"column":0},"end":{"line":21,"column":6}},"locations":[{"start":{"line":1,"column":0},"end":{"line":21,"column":6}}]},"1":{"type":"branch","line":1,"loc":{"start":{"line":1,"column":0},"end":{"line":21,"column":6}},"locations":[{"start":{"line":1,"column":0},"end":{"line":21,"column":6}}]}},"b":{"0":[2],"1":[2]},"fnMap":{"0":{"name":"Object.<anonymous>","decl":{"start":{"line":1,"column":0},"end":{"line":21,"column":6}},"loc":{"start":{"line":1,"column":0},"end":{"line":21,"column":6}},"line":1}},"f":{"0":2}}
,"/Users/angelinabezik/Documents/RollingScopes/angelinabz-ANGULAR2024Q3/youtube-client-app/src/app/core/components/header/sorting/sorting.component.ts": {"path":"/Users/angelinabezik/Documents/RollingScopes/angelinabz-ANGULAR2024Q3/youtube-client-app/src/app/core/components/header/sorting/sorting.component.ts","all":false,"statementMap":{"0":{"start":{"line":1,"column":0},"end":{"line":1,"column":47}},"1":{"start":{"line":2,"column":0},"end":{"line":2,"column":42}},"2":{"start":{"line":3,"column":0},"end":{"line":3,"column":0}},"3":{"start":{"line":4,"column":0},"end":{"line":4,"column":64}},"4":{"start":{"line":5,"column":0},"end":{"line":5,"column":86}},"5":{"start":{"line":6,"column":0},"end":{"line":6,"column":0}},"6":{"start":{"line":7,"column":0},"end":{"line":7,"column":12}},"7":{"start":{"line":8,"column":0},"end":{"line":8,"column":26}},"8":{"start":{"line":9,"column":0},"end":{"line":9,"column":19}},"9":{"start":{"line":10,"column":0},"end":{"line":10,"column":26}},"10":{"start":{"line":11,"column":0},"end":{"line":11,"column":42}},"11":{"start":{"line":12,"column":0},"end":{"line":12,"column":39}},"12":{"start":{"line":13,"column":0},"end":{"line":13,"column":2}},"13":{"start":{"line":14,"column":0},"end":{"line":14,"column":31}},"14":{"start":{"line":15,"column":0},"end":{"line":15,"column":27}},"15":{"start":{"line":16,"column":0},"end":{"line":16,"column":0}},"16":{"start":{"line":17,"column":0},"end":{"line":17,"column":55}},"17":{"start":{"line":18,"column":0},"end":{"line":18,"column":0}},"18":{"start":{"line":19,"column":0},"end":{"line":19,"column":31}},"19":{"start":{"line":20,"column":0},"end":{"line":20,"column":52}},"20":{"start":{"line":21,"column":0},"end":{"line":21,"column":50}},"21":{"start":{"line":22,"column":0},"end":{"line":22,"column":3}},"22":{"start":{"line":23,"column":0},"end":{"line":23,"column":0}},"23":{"start":{"line":24,"column":0},"end":{"line":24,"column":36}},"24":{"start":{"line":25,"column":0},"end":{"line":25,"column":57}},"25":{"start":{"line":26,"column":0},"end":{"line":26,"column":55}},"26":{"start":{"line":27,"column":0},"end":{"line":27,"column":3}},"27":{"start":{"line":28,"column":0},"end":{"line":28,"column":0}},"28":{"start":{"line":29,"column":0},"end":{"line":29,"column":36}},"29":{"start":{"line":30,"column":0},"end":{"line":30,"column":64}},"30":{"start":{"line":31,"column":0},"end":{"line":31,"column":53}},"31":{"start":{"line":32,"column":0},"end":{"line":32,"column":3}},"32":{"start":{"line":33,"column":0},"end":{"line":33,"column":1}}},"s":{"0":1,"1":1,"2":1,"3":1,"4":1,"5":1,"6":1,"7":1,"8":1,"9":1,"10":1,"11":1,"12":1,"13":1,"14":1,"15":1,"16":1,"17":1,"18":1,"19":1,"20":1,"21":1,"22":1,"23":1,"24":1,"25":1,"26":1,"27":1,"28":1,"29":1,"30":1,"31":1,"32":1},"branchMap":{"0":{"type":"branch","line":17,"loc":{"start":{"line":17,"column":2},"end":{"line":17,"column":55}},"locations":[{"start":{"line":17,"column":2},"end":{"line":17,"column":55}}]},"1":{"type":"branch","line":19,"loc":{"start":{"line":19,"column":2},"end":{"line":22,"column":3}},"locations":[{"start":{"line":19,"column":2},"end":{"line":22,"column":3}}]},"2":{"type":"branch","line":24,"loc":{"start":{"line":24,"column":2},"end":{"line":27,"column":3}},"locations":[{"start":{"line":24,"column":2},"end":{"line":27,"column":3}}]},"3":{"type":"branch","line":29,"loc":{"start":{"line":29,"column":2},"end":{"line":32,"column":3}},"locations":[{"start":{"line":29,"column":2},"end":{"line":32,"column":3}}]}},"b":{"0":[5],"1":[1],"2":[1],"3":[1]},"fnMap":{"0":{"name":"SortingComponent","decl":{"start":{"line":17,"column":2},"end":{"line":17,"column":55}},"loc":{"start":{"line":17,"column":2},"end":{"line":17,"column":55}},"line":17},"1":{"name":"toggleSortByDateDirection","decl":{"start":{"line":19,"column":2},"end":{"line":22,"column":3}},"loc":{"start":{"line":19,"column":2},"end":{"line":22,"column":3}},"line":19},"2":{"name":"toggleSortByViewCountDirection","decl":{"start":{"line":24,"column":2},"end":{"line":27,"column":3}},"loc":{"start":{"line":24,"column":2},"end":{"line":27,"column":3}},"line":24},"3":{"name":"onFilterTermChange","decl":{"start":{"line":29,"column":2},"end":{"line":32,"column":3}},"loc":{"start":{"line":29,"column":2},"end":{"line":32,"column":3}},"line":29}},"f":{"0":5,"1":1,"2":1,"3":1}}
,"/Users/angelinabezik/Documents/RollingScopes/angelinabz-ANGULAR2024Q3/youtube-client-app/src/app/core/components/header/user/user.component.html": {"path":"/Users/angelinabezik/Documents/RollingScopes/angelinabz-ANGULAR2024Q3/youtube-client-app/src/app/core/components/header/user/user.component.html","all":false,"statementMap":{"0":{"start":{"line":1,"column":0},"end":{"line":1,"column":47}},"1":{"start":{"line":2,"column":0},"end":{"line":2,"column":32}},"2":{"start":{"line":3,"column":0},"end":{"line":3,"column":66}},"3":{"start":{"line":4,"column":0},"end":{"line":4,"column":58}},"4":{"start":{"line":5,"column":0},"end":{"line":5,"column":56}},"5":{"start":{"line":6,"column":0},"end":{"line":6,"column":6}},"6":{"start":{"line":7,"column":0},"end":{"line":7,"column":59}},"7":{"start":{"line":8,"column":0},"end":{"line":8,"column":14}},"8":{"start":{"line":9,"column":0},"end":{"line":9,"column":56}},"9":{"start":{"line":10,"column":0},"end":{"line":10,"column":6}}},"s":{"0":3,"1":3,"2":3,"3":3,"4":3,"5":3,"6":3,"7":3,"8":3,"9":3},"branchMap":{"0":{"type":"branch","line":1,"loc":{"start":{"line":1,"column":0},"end":{"line":10,"column":6}},"locations":[{"start":{"line":1,"column":0},"end":{"line":10,"column":6}}]},"1":{"type":"branch","line":1,"loc":{"start":{"line":1,"column":0},"end":{"line":10,"column":6}},"locations":[{"start":{"line":1,"column":0},"end":{"line":10,"column":6}}]}},"b":{"0":[3],"1":[3]},"fnMap":{"0":{"name":"Object.<anonymous>","decl":{"start":{"line":1,"column":0},"end":{"line":10,"column":6}},"loc":{"start":{"line":1,"column":0},"end":{"line":10,"column":6}},"line":1}},"f":{"0":3}}
,"/Users/angelinabezik/Documents/RollingScopes/angelinabz-ANGULAR2024Q3/youtube-client-app/src/app/core/components/header/user/user.component.ts": {"path":"/Users/angelinabezik/Documents/RollingScopes/angelinabz-ANGULAR2024Q3/youtube-client-app/src/app/core/components/header/user/user.component.ts","all":false,"statementMap":{"0":{"start":{"line":1,"column":0},"end":{"line":1,"column":47}},"1":{"start":{"line":2,"column":0},"end":{"line":2,"column":42}},"2":{"start":{"line":3,"column":0},"end":{"line":3,"column":53}},"3":{"start":{"line":4,"column":0},"end":{"line":4,"column":34}},"4":{"start":{"line":5,"column":0},"end":{"line":5,"column":0}},"5":{"start":{"line":6,"column":0},"end":{"line":6,"column":77}},"6":{"start":{"line":7,"column":0},"end":{"line":7,"column":0}},"7":{"start":{"line":8,"column":0},"end":{"line":8,"column":12}},"8":{"start":{"line":9,"column":0},"end":{"line":9,"column":23}},"9":{"start":{"line":10,"column":0},"end":{"line":10,"column":19}},"10":{"start":{"line":11,"column":0},"end":{"line":11,"column":38}},"11":{"start":{"line":12,"column":0},"end":{"line":12,"column":39}},"12":{"start":{"line":13,"column":0},"end":{"line":13,"column":36}},"13":{"start":{"line":14,"column":0},"end":{"line":14,"column":2}},"14":{"start":{"line":15,"column":0},"end":{"line":15,"column":28}},"15":{"start":{"line":16,"column":0},"end":{"line":16,"column":35}},"16":{"start":{"line":17,"column":0},"end":{"line":17,"column":39}},"17":{"start":{"line":18,"column":0},"end":{"line":18,"column":0}},"18":{"start":{"line":19,"column":0},"end":{"line":19,"column":14}},"19":{"start":{"line":20,"column":0},"end":{"line":20,"column":39}},"20":{"start":{"line":21,"column":0},"end":{"line":21,"column":27}},"21":{"start":{"line":22,"column":0},"end":{"line":22,"column":5}},"22":{"start":{"line":23,"column":0},"end":{"line":23,"column":53}},"23":{"start":{"line":24,"column":0},"end":{"line":24,"column":49}},"24":{"start":{"line":25,"column":0},"end":{"line":25,"column":3}},"25":{"start":{"line":26,"column":0},"end":{"line":26,"column":0}},"26":{"start":{"line":27,"column":0},"end":{"line":27,"column":12}},"27":{"start":{"line":28,"column":0},"end":{"line":28,"column":31}},"28":{"start":{"line":29,"column":0},"end":{"line":29,"column":37}},"29":{"start":{"line":30,"column":0},"end":{"line":30,"column":3}},"30":{"start":{"line":31,"column":0},"end":{"line":31,"column":1}}},"s":{"0":1,"1":1,"2":1,"3":1,"4":1,"5":1,"6":1,"7":1,"8":1,"9":1,"10":1,"11":1,"12":1,"13":1,"14":1,"15":1,"16":1,"17":1,"18":1,"19":4,"20":4,"21":4,"22":4,"23":4,"24":4,"25":1,"26":1,"27":0,"28":0,"29":0,"30":1},"branchMap":{"0":{"type":"branch","line":19,"loc":{"start":{"line":19,"column":2},"end":{"line":25,"column":3}},"locations":[{"start":{"line":19,"column":2},"end":{"line":25,"column":3}}]}},"b":{"0":[4]},"fnMap":{"0":{"name":"UserComponent","decl":{"start":{"line":19,"column":2},"end":{"line":25,"column":3}},"loc":{"start":{"line":19,"column":2},"end":{"line":25,"column":3}},"line":19},"1":{"name":"logout","decl":{"start":{"line":27,"column":2},"end":{"line":30,"column":3}},"loc":{"start":{"line":27,"column":2},"end":{"line":30,"column":3}},"line":27}},"f":{"0":4,"1":0}}
,"/Users/angelinabezik/Documents/RollingScopes/angelinabz-ANGULAR2024Q3/youtube-client-app/src/app/core/guards/login/auth.guard.ts": {"path":"/Users/angelinabezik/Documents/RollingScopes/angelinabz-ANGULAR2024Q3/youtube-client-app/src/app/core/guards/login/auth.guard.ts","all":false,"statementMap":{"0":{"start":{"line":1,"column":0},"end":{"line":1,"column":39}},"1":{"start":{"line":2,"column":0},"end":{"line":2,"column":56}},"2":{"start":{"line":3,"column":0},"end":{"line":3,"column":34}},"3":{"start":{"line":4,"column":0},"end":{"line":4,"column":0}},"4":{"start":{"line":5,"column":0},"end":{"line":5,"column":74}},"5":{"start":{"line":6,"column":0},"end":{"line":6,"column":0}},"6":{"start":{"line":7,"column":0},"end":{"line":7,"column":47}},"7":{"start":{"line":8,"column":0},"end":{"line":8,"column":44}},"8":{"start":{"line":9,"column":0},"end":{"line":9,"column":32}},"9":{"start":{"line":10,"column":0},"end":{"line":10,"column":0}},"10":{"start":{"line":11,"column":0},"end":{"line":11,"column":39}},"11":{"start":{"line":12,"column":0},"end":{"line":12,"column":12}},"12":{"start":{"line":13,"column":0},"end":{"line":13,"column":25}},"13":{"start":{"line":14,"column":0},"end":{"line":14,"column":23}},"14":{"start":{"line":15,"column":0},"end":{"line":15,"column":20}},"15":{"start":{"line":16,"column":0},"end":{"line":16,"column":7}},"16":{"start":{"line":17,"column":0},"end":{"line":17,"column":46}},"17":{"start":{"line":18,"column":0},"end":{"line":18,"column":7}},"18":{"start":{"line":19,"column":0},"end":{"line":19,"column":4}},"19":{"start":{"line":20,"column":0},"end":{"line":20,"column":2}}},"s":{"0":1,"1":1,"2":1,"3":1,"4":1,"5":1,"6":1,"7":0,"8":0,"9":0,"10":0,"11":0,"12":0,"13":0,"14":0,"15":0,"16":0,"17":0,"18":0,"19":0},"branchMap":{},"b":{},"fnMap":{"0":{"name":"authGuard","decl":{"start":{"line":7,"column":40},"end":{"line":20,"column":2}},"loc":{"start":{"line":7,"column":40},"end":{"line":20,"column":2}},"line":7}},"f":{"0":0}}
,"/Users/angelinabezik/Documents/RollingScopes/angelinabz-ANGULAR2024Q3/youtube-client-app/src/app/core/pages/not-found/not-found.component.html": {"path":"/Users/angelinabezik/Documents/RollingScopes/angelinabz-ANGULAR2024Q3/youtube-client-app/src/app/core/pages/not-found/not-found.component.html","all":false,"statementMap":{"0":{"start":{"line":1,"column":0},"end":{"line":1,"column":29}},"1":{"start":{"line":2,"column":0},"end":{"line":2,"column":33}},"2":{"start":{"line":3,"column":0},"end":{"line":3,"column":55}},"3":{"start":{"line":4,"column":0},"end":{"line":4,"column":6}}},"s":{"0":1,"1":1,"2":1,"3":1},"branchMap":{"0":{"type":"branch","line":1,"loc":{"start":{"line":1,"column":0},"end":{"line":4,"column":6}},"locations":[{"start":{"line":1,"column":0},"end":{"line":4,"column":6}}]},"1":{"type":"branch","line":1,"loc":{"start":{"line":1,"column":0},"end":{"line":4,"column":6}},"locations":[{"start":{"line":1,"column":0},"end":{"line":4,"column":6}}]}},"b":{"0":[1],"1":[1]},"fnMap":{"0":{"name":"Object.<anonymous>","decl":{"start":{"line":1,"column":0},"end":{"line":4,"column":6}},"loc":{"start":{"line":1,"column":0},"end":{"line":4,"column":6}},"line":1}},"f":{"0":1}}
,"/Users/angelinabezik/Documents/RollingScopes/angelinabz-ANGULAR2024Q3/youtube-client-app/src/app/core/pages/not-found/not-found.component.ts": {"path":"/Users/angelinabezik/Documents/RollingScopes/angelinabz-ANGULAR2024Q3/youtube-client-app/src/app/core/pages/not-found/not-found.component.ts","all":false,"statementMap":{"0":{"start":{"line":1,"column":0},"end":{"line":1,"column":42}},"1":{"start":{"line":2,"column":0},"end":{"line":2,"column":0}},"2":{"start":{"line":3,"column":0},"end":{"line":3,"column":12}},"3":{"start":{"line":4,"column":0},"end":{"line":4,"column":28}},"4":{"start":{"line":5,"column":0},"end":{"line":5,"column":19}},"5":{"start":{"line":6,"column":0},"end":{"line":6,"column":14}},"6":{"start":{"line":7,"column":0},"end":{"line":7,"column":44}},"7":{"start":{"line":8,"column":0},"end":{"line":8,"column":41}},"8":{"start":{"line":9,"column":0},"end":{"line":9,"column":2}},"9":{"start":{"line":10,"column":0},"end":{"line":10,"column":33}}},"s":{"0":1,"1":1,"2":1,"3":1,"4":1,"5":1,"6":1,"7":1,"8":1,"9":1},"branchMap":{},"b":{},"fnMap":{},"f":{}}
,"/Users/angelinabezik/Documents/RollingScopes/angelinabz-ANGULAR2024Q3/youtube-client-app/src/app/favorite/pages/favorite.component.html": {"path":"/Users/angelinabezik/Documents/RollingScopes/angelinabz-ANGULAR2024Q3/youtube-client-app/src/app/favorite/pages/favorite.component.html","all":false,"statementMap":{"0":{"start":{"line":1,"column":0},"end":{"line":1,"column":32}},"1":{"start":{"line":2,"column":0},"end":{"line":2,"column":97}},"2":{"start":{"line":3,"column":0},"end":{"line":3,"column":6}}},"s":{"0":1,"1":1,"2":1},"branchMap":{"0":{"type":"branch","line":1,"loc":{"start":{"line":1,"column":0},"end":{"line":3,"column":6}},"locations":[{"start":{"line":1,"column":0},"end":{"line":3,"column":6}}]},"1":{"type":"branch","line":1,"loc":{"start":{"line":1,"column":0},"end":{"line":3,"column":6}},"locations":[{"start":{"line":1,"column":0},"end":{"line":3,"column":6}}]}},"b":{"0":[1],"1":[1]},"fnMap":{"0":{"name":"Object.<anonymous>","decl":{"start":{"line":1,"column":0},"end":{"line":3,"column":6}},"loc":{"start":{"line":1,"column":0},"end":{"line":3,"column":6}},"line":1}},"f":{"0":1}}
,"/Users/angelinabezik/Documents/RollingScopes/angelinabz-ANGULAR2024Q3/youtube-client-app/src/app/favorite/pages/favorite.component.ts": {"path":"/Users/angelinabezik/Documents/RollingScopes/angelinabz-ANGULAR2024Q3/youtube-client-app/src/app/favorite/pages/favorite.component.ts","all":false,"statementMap":{"0":{"start":{"line":1,"column":0},"end":{"line":1,"column":47}},"1":{"start":{"line":2,"column":0},"end":{"line":2,"column":8}},"2":{"start":{"line":3,"column":0},"end":{"line":3,"column":37}},"3":{"start":{"line":4,"column":0},"end":{"line":4,"column":23}},"4":{"start":{"line":5,"column":0},"end":{"line":5,"column":36}},"5":{"start":{"line":6,"column":0},"end":{"line":6,"column":0}},"6":{"start":{"line":7,"column":0},"end":{"line":7,"column":61}},"7":{"start":{"line":8,"column":0},"end":{"line":8,"column":45}},"8":{"start":{"line":9,"column":0},"end":{"line":9,"column":97}},"9":{"start":{"line":10,"column":0},"end":{"line":10,"column":66}},"10":{"start":{"line":11,"column":0},"end":{"line":11,"column":0}},"11":{"start":{"line":12,"column":0},"end":{"line":12,"column":12}},"12":{"start":{"line":13,"column":0},"end":{"line":13,"column":27}},"13":{"start":{"line":14,"column":0},"end":{"line":14,"column":19}},"14":{"start":{"line":15,"column":0},"end":{"line":15,"column":47}},"15":{"start":{"line":16,"column":0},"end":{"line":16,"column":43}},"16":{"start":{"line":17,"column":0},"end":{"line":17,"column":40}},"17":{"start":{"line":18,"column":0},"end":{"line":18,"column":2}},"18":{"start":{"line":19,"column":0},"end":{"line":19,"column":50}},"19":{"start":{"line":20,"column":0},"end":{"line":20,"column":43}},"20":{"start":{"line":21,"column":0},"end":{"line":21,"column":0}},"21":{"start":{"line":22,"column":0},"end":{"line":22,"column":48}},"22":{"start":{"line":23,"column":0},"end":{"line":23,"column":0}},"23":{"start":{"line":24,"column":0},"end":{"line":24,"column":14}},"24":{"start":{"line":25,"column":0},"end":{"line":25,"column":67}},"25":{"start":{"line":26,"column":0},"end":{"line":26,"column":38}},"26":{"start":{"line":27,"column":0},"end":{"line":27,"column":7}},"27":{"start":{"line":28,"column":0},"end":{"line":28,"column":3}},"28":{"start":{"line":29,"column":0},"end":{"line":29,"column":0}},"29":{"start":{"line":30,"column":0},"end":{"line":30,"column":65}},"30":{"start":{"line":31,"column":0},"end":{"line":31,"column":1}}},"s":{"0":1,"1":1,"2":1,"3":1,"4":1,"5":1,"6":1,"7":1,"8":1,"9":1,"10":1,"11":1,"12":1,"13":1,"14":1,"15":1,"16":1,"17":1,"18":1,"19":1,"20":1,"21":1,"22":1,"23":1,"24":1,"25":0,"26":1,"27":1,"28":1,"29":1,"30":1},"branchMap":{"0":{"type":"branch","line":22,"loc":{"start":{"line":22,"column":2},"end":{"line":22,"column":48}},"locations":[{"start":{"line":22,"column":2},"end":{"line":22,"column":48}}]},"1":{"type":"branch","line":30,"loc":{"start":{"line":30,"column":36},"end":{"line":30,"column":63}},"locations":[{"start":{"line":30,"column":36},"end":{"line":30,"column":63}}]},"2":{"type":"branch","line":24,"loc":{"start":{"line":24,"column":2},"end":{"line":28,"column":3}},"locations":[{"start":{"line":24,"column":2},"end":{"line":28,"column":3}}]}},"b":{"0":[1],"1":[1],"2":[1]},"fnMap":{"0":{"name":"FavoriteComponent","decl":{"start":{"line":22,"column":2},"end":{"line":22,"column":48}},"loc":{"start":{"line":22,"column":2},"end":{"line":22,"column":48}},"line":22},"1":{"name":"ngOnInit","decl":{"start":{"line":24,"column":2},"end":{"line":28,"column":3}},"loc":{"start":{"line":24,"column":2},"end":{"line":28,"column":3}},"line":24}},"f":{"0":1,"1":1}}
,"/Users/angelinabezik/Documents/RollingScopes/angelinabz-ANGULAR2024Q3/youtube-client-app/src/app/shared/components/button/button.component.html": {"path":"/Users/angelinabezik/Documents/RollingScopes/angelinabz-ANGULAR2024Q3/youtube-client-app/src/app/shared/components/button/button.component.html","all":false,"statementMap":{"0":{"start":{"line":1,"column":0},"end":{"line":1,"column":93}},"1":{"start":{"line":2,"column":0},"end":{"line":2,"column":27}},"2":{"start":{"line":3,"column":0},"end":{"line":3,"column":9}}},"s":{"0":7,"1":7,"2":7},"branchMap":{"0":{"type":"branch","line":1,"loc":{"start":{"line":1,"column":0},"end":{"line":3,"column":9}},"locations":[{"start":{"line":1,"column":0},"end":{"line":3,"column":9}}]},"1":{"type":"branch","line":1,"loc":{"start":{"line":1,"column":0},"end":{"line":3,"column":9}},"locations":[{"start":{"line":1,"column":0},"end":{"line":3,"column":9}}]}},"b":{"0":[7],"1":[7]},"fnMap":{"0":{"name":"Object.<anonymous>","decl":{"start":{"line":1,"column":0},"end":{"line":3,"column":9}},"loc":{"start":{"line":1,"column":0},"end":{"line":3,"column":9}},"line":1}},"f":{"0":7}}
,"/Users/angelinabezik/Documents/RollingScopes/angelinabz-ANGULAR2024Q3/youtube-client-app/src/app/shared/components/button/button.component.ts": {"path":"/Users/angelinabezik/Documents/RollingScopes/angelinabz-ANGULAR2024Q3/youtube-client-app/src/app/shared/components/button/button.component.ts","all":false,"statementMap":{"0":{"start":{"line":1,"column":0},"end":{"line":1,"column":8}},"1":{"start":{"line":2,"column":0},"end":{"line":2,"column":40}},"2":{"start":{"line":3,"column":0},"end":{"line":3,"column":23}},"3":{"start":{"line":4,"column":0},"end":{"line":4,"column":0}},"4":{"start":{"line":5,"column":0},"end":{"line":5,"column":12}},"5":{"start":{"line":6,"column":0},"end":{"line":6,"column":25}},"6":{"start":{"line":7,"column":0},"end":{"line":7,"column":19}},"7":{"start":{"line":8,"column":0},"end":{"line":8,"column":14}},"8":{"start":{"line":9,"column":0},"end":{"line":9,"column":41}},"9":{"start":{"line":10,"column":0},"end":{"line":10,"column":38}},"10":{"start":{"line":11,"column":0},"end":{"line":11,"column":2}},"11":{"start":{"line":12,"column":0},"end":{"line":12,"column":30}},"12":{"start":{"line":13,"column":0},"end":{"line":13,"column":39}},"13":{"start":{"line":14,"column":0},"end":{"line":14,"column":0}},"14":{"start":{"line":15,"column":0},"end":{"line":15,"column":25}},"15":{"start":{"line":16,"column":0},"end":{"line":16,"column":0}},"16":{"start":{"line":17,"column":0},"end":{"line":17,"column":46}},"17":{"start":{"line":18,"column":0},"end":{"line":18,"column":0}},"18":{"start":{"line":19,"column":0},"end":{"line":19,"column":17}},"19":{"start":{"line":20,"column":0},"end":{"line":20,"column":29}},"20":{"start":{"line":21,"column":0},"end":{"line":21,"column":3}},"21":{"start":{"line":22,"column":0},"end":{"line":22,"column":1}}},"s":{"0":1,"1":1,"2":1,"3":1,"4":1,"5":1,"6":1,"7":1,"8":1,"9":1,"10":1,"11":1,"12":27,"13":27,"14":27,"15":27,"16":27,"17":27,"18":27,"19":0,"20":0,"21":27},"branchMap":{"0":{"type":"branch","line":12,"loc":{"start":{"line":12,"column":7},"end":{"line":22,"column":1}},"locations":[{"start":{"line":12,"column":7},"end":{"line":22,"column":1}}]}},"b":{"0":[27]},"fnMap":{"0":{"name":"ButtonComponent","decl":{"start":{"line":12,"column":7},"end":{"line":22,"column":1}},"loc":{"start":{"line":12,"column":7},"end":{"line":22,"column":1}},"line":12},"1":{"name":"handleClick","decl":{"start":{"line":19,"column":2},"end":{"line":21,"column":3}},"loc":{"start":{"line":19,"column":2},"end":{"line":21,"column":3}},"line":19}},"f":{"0":27,"1":0}}
,"/Users/angelinabezik/Documents/RollingScopes/angelinabz-ANGULAR2024Q3/youtube-client-app/src/app/store/actions.ts": {"path":"/Users/angelinabezik/Documents/RollingScopes/angelinabz-ANGULAR2024Q3/youtube-client-app/src/app/store/actions.ts","all":false,"statementMap":{"0":{"start":{"line":1,"column":0},"end":{"line":1,"column":50}},"1":{"start":{"line":2,"column":0},"end":{"line":2,"column":0}},"2":{"start":{"line":3,"column":0},"end":{"line":3,"column":63}},"3":{"start":{"line":4,"column":0},"end":{"line":4,"column":0}},"4":{"start":{"line":5,"column":0},"end":{"line":5,"column":102}},"5":{"start":{"line":6,"column":0},"end":{"line":6,"column":107}},"6":{"start":{"line":7,"column":0},"end":{"line":7,"column":3}},"7":{"start":{"line":8,"column":0},"end":{"line":8,"column":118}},"8":{"start":{"line":9,"column":0},"end":{"line":9,"column":53}},"9":{"start":{"line":10,"column":0},"end":{"line":10,"column":33}},"10":{"start":{"line":11,"column":0},"end":{"line":11,"column":83}},"11":{"start":{"line":12,"column":0},"end":{"line":12,"column":2}},"12":{"start":{"line":13,"column":0},"end":{"line":13,"column":113}},"13":{"start":{"line":14,"column":0},"end":{"line":14,"column":3}},"14":{"start":{"line":15,"column":0},"end":{"line":15,"column":107}},"15":{"start":{"line":16,"column":0},"end":{"line":16,"column":117}},"16":{"start":{"line":17,"column":0},"end":{"line":17,"column":3}},"17":{"start":{"line":18,"column":0},"end":{"line":18,"column":89}}},"s":{"0":1,"1":1,"2":1,"3":1,"4":1,"5":1,"6":1,"7":1,"8":1,"9":1,"10":1,"11":1,"12":1,"13":1,"14":1,"15":1,"16":1,"17":1},"branchMap":{},"b":{},"fnMap":{},"f":{}}
,"/Users/angelinabezik/Documents/RollingScopes/angelinabz-ANGULAR2024Q3/youtube-client-app/src/app/store/reducers.ts": {"path":"/Users/angelinabezik/Documents/RollingScopes/angelinabz-ANGULAR2024Q3/youtube-client-app/src/app/store/reducers.ts","all":false,"statementMap":{"0":{"start":{"line":1,"column":0},"end":{"line":1,"column":48}},"1":{"start":{"line":2,"column":0},"end":{"line":2,"column":0}},"2":{"start":{"line":3,"column":0},"end":{"line":3,"column":63}},"3":{"start":{"line":4,"column":0},"end":{"line":4,"column":37}},"4":{"start":{"line":5,"column":0},"end":{"line":5,"column":0}},"5":{"start":{"line":6,"column":0},"end":{"line":6,"column":30}},"6":{"start":{"line":7,"column":0},"end":{"line":7,"column":38}},"7":{"start":{"line":8,"column":0},"end":{"line":8,"column":16}},"8":{"start":{"line":9,"column":0},"end":{"line":9,"column":29}},"9":{"start":{"line":10,"column":0},"end":{"line":10,"column":19}},"10":{"start":{"line":11,"column":0},"end":{"line":11,"column":16}},"11":{"start":{"line":12,"column":0},"end":{"line":12,"column":25}},"12":{"start":{"line":13,"column":0},"end":{"line":13,"column":25}},"13":{"start":{"line":14,"column":0},"end":{"line":14,"column":22}},"14":{"start":{"line":15,"column":0},"end":{"line":15,"column":1}},"15":{"start":{"line":16,"column":0},"end":{"line":16,"column":0}},"16":{"start":{"line":17,"column":0},"end":{"line":17,"column":42}},"17":{"start":{"line":18,"column":0},"end":{"line":18,"column":13}},"18":{"start":{"line":19,"column":0},"end":{"line":19,"column":10}},"19":{"start":{"line":20,"column":0},"end":{"line":20,"column":23}},"20":{"start":{"line":21,"column":0},"end":{"line":21,"column":17}},"21":{"start":{"line":22,"column":0},"end":{"line":22,"column":12}},"22":{"start":{"line":23,"column":0},"end":{"line":23,"column":17}},"23":{"start":{"line":24,"column":0},"end":{"line":24,"column":2}},"24":{"start":{"line":25,"column":0},"end":{"line":25,"column":0}},"25":{"start":{"line":26,"column":0},"end":{"line":26,"column":43}},"26":{"start":{"line":27,"column":0},"end":{"line":27,"column":15}},"27
[...]
,"/Users/angelinabezik/Documents/RollingScopes/angelinabz-ANGULAR2024Q3/youtube-client-app/src/app/youtube/services/searching/search.service.ts": {"path":"/Users/angelinabezik/Documents/RollingScopes/angelinabz-ANGULAR2024Q3/youtube-client-app/src/app/youtube/services/searching/search.service.ts","all":false,"statementMap":{"0":{"start":{"line":1,"column":0},"end":{"line":1,"column":43}},"1":{"start":{"line":2,"column":0},"end":{"line":2,"column":39}},"2":{"start":{"line":3,"column":0},"end":{"line":3,"column":0}},"3":{"start":{"line":4,"column":0},"end":{"line":4,"column":13}},"4":{"start":{"line":5,"column":0},"end":{"line":5,"column":21}},"5":{"start":{"line":6,"column":0},"end":{"line":6,"column":2}},"6":{"start":{"line":7,"column":0},"end":{"line":7,"column":28}},"7":{"start":{"line":8,"column":0},"end":{"line":8,"column":62}},"8":{"start":{"line":9,"column":0},"end":{"line":9,"column":54}},"9":{"start":{"line":10,"column":0},"end":{"line":10,"column":0}},"10":{"start":{"line":11,"column":0},"end":{"line":11,"column":31}},"11":{"start":{"line":12,"column":0},"end":{"line":12,"column":38}},"12":{"start":{"line":13,"column":0},"end":{"line":13,"column":3}},"13":{"start":{"line":14,"column":0},"end":{"line":14,"column":1}}},"s":{"0":1,"1":1,"2":1,"3":1,"4":1,"5":1,"6":1,"7":5,"8":5,"9":5,"10":5,"11":3,"12":3,"13":5},"branchMap":{"0":{"type":"branch","line":7,"loc":{"start":{"line":7,"column":7},"end":{"line":14,"column":1}},"locations":[{"start":{"line":7,"column":7},"end":{"line":14,"column":1}}]},"1":{"type":"branch","line":11,"loc":{"start":{"line":11,"column":2},"end":{"line":13,"column":3}},"locations":[{"start":{"line":11,"column":2},"end":{"line":13,"column":3}}]}},"b":{"0":[5],"1":[3]},"fnMap":{"0":{"name":"SearchService","decl":{"start":{"line":7,"column":7},"end":{"line":14,"column":1}},"loc":{"start":{"line":7,"column":7},"end":{"line":14,"column":1}},"line":7},"1":{"name":"setSearchText","decl":{"start":{"line":11,"column":2},"end":{"line":13,"column":3}},"loc":{"start":{"line":11,"column":2},"end":{"line":13,"column":3}},"line":11}},"f":{"0":5,"1":3}}
,"/Users/angelinabezik/Documents/RollingScopes/angelinabz-ANGULAR2024Q3/youtube-client-app/src/app/youtube/services/sorting/sorting.service.ts": {"path":"/Users/angelinabezik/Documents/RollingScopes/angelinabz-ANGULAR2024Q3/youtube-client-app/src/app/youtube/services/sorting/sorting.service.ts","all":false,"statementMap":{"0":{"start":{"line":1,"column":0},"end":{"line":1,"column":43}},"1":{"start":{"line":2,"column":0},"end":{"line":2,"column":51}},"2":{"start":{"line":3,"column":0},"end":{"line":3,"column":0}},"3":{"start":{"line":4,"column":0},"end":{"line":4,"column":50}},"4":{"start":{"line":5,"column":0},"end":{"line":5,"column":58}},"5":{"start":{"line":6,"column":0},"end":{"line":6,"column":0}},"6":{"start":{"line":7,"column":0},"end":{"line":7,"column":13}},"7":{"start":{"line":8,"column":0},"end":{"line":8,"column":21}},"8":{"start":{"line":9,"column":0},"end":{"line":9,"column":2}},"9":{"start":{"line":10,"column":0},"end":{"line":10,"column":29}},"10":{"start":{"line":11,"column":0},"end":{"line":11,"column":118}},"11":{"start":{"line":12,"column":0},"end":{"line":12,"column":123}},"12":{"start":{"line":13,"column":0},"end":{"line":13,"column":80}},"13":{"start":{"line":14,"column":0},"end":{"line":14,"column":0}},"14":{"start":{"line":15,"column":0},"end":{"line":15,"column":92}},"15":{"start":{"line":16,"column":0},"end":{"line":16,"column":102}},"16":{"start":{"line":17,"column":0},"end":{"line":17,"column":73}},"17":{"start":{"line":18,"column":0},"end":{"line":18,"column":0}},"18":{"start":{"line":19,"column":0},"end":{"line":19,"column":31}},"19":{"start":{"line":20,"column":0},"end":{"line":20,"column":129}},"20":{"start":{"line":21,"column":0},"end":{"line":21,"column":3}},"21":{"start":{"line":22,"column":0},"end":{"line":22,"column":0}},"22":{"start":{"line":23,"column":0},"end":{"line":23,"column":36}},"23":{"start":{"line":24,"column":0},"end":{"line":24,"column":39}},"24":{"start":{"line":25,"column":0},"end":{"line":25,"column":105}},"25":{"start":{"line":26,"column":0},"end":{"line":26,"column":6}},"26":{"start":{"line":27,"column":0},"end":{"line":27,"column":3}},"27":{"start":{"line":28,"column":0},"end":{"line":28,"column":0}},"28":{"start":{"line":29,"column":0},"end":{"line":29,"column":34}},"29":{"start":{"line":30,"column":0},"end":{"line":30,"column":31}},"30":{"start":{"line":31,"column":0},"end":{"line":31,"column":3}},"31":{"start":{"line":32,"column":0},"end":{"line":32,"column":0}},"32":{"start":{"line":33,"column":0},"end":{"line":33,"column":44}},"33":{"start":{"line":34,"column":0},"end":{"line":34,"column":41}},"34":{"start":{"line":35,"column":0},"end":{"line":35,"column":56}},"35":{"start":{"line":36,"column":0},"end":{"line":36,"column":56}},"36":{"start":{"line":37,"column":0},"end":{"line":37,"column":65}},"37":{"start":{"line":38,"column":0},"end":{"line":38,"column":67}},"38":{"start":{"line":39,"column":0},"end":{"line":39,"column":7}},"39":{"start":{"line":40,"column":0},"end":{"line":40,"column":65}},"40":{"start":{"line":41,"column":0},"end":{"line":41,"column":7}},"41":{"start":{"line":42,"column":0},"end":{"line":42,"column":3}},"42":{"start":{"line":43,"column":0},"end":{"line":43,"column":0}},"43":{"start":{"line":44,"column":0},"end":{"line":44,"column":49}},"44":{"start":{"line":45,"column":0},"end":{"line":45,"column":41}},"45":{"start":{"line":46,"column":0},"end":{"line":46,"column":55}},"46":{"start":{"line":47,"column":0},"end":{"line":47,"column":55}},"47":{"start":{"line":48,"column":0},"end":{"line":48,"column":70}},"48":{"start":{"line":49,"column":0},"end":{"line":49,"column":63}},"49":{"start":{"line":50,"column":0},"end":{"line":50,"column":7}},"50":{"start":{"line":51,"column":0},"end":{"line":51,"column":61}},"51":{"start":{"line":52,"column":0},"end":{"line":52,"column":7}},"52":{"start":{"line":53,"column":0},"end":{"line":53,"column":3}},"53":{"start":{"line":54,"column":0},"end":{"line":54,"column":1}}},"s":{"0":1,"1":1,"2":1,"3":1,"4":1,"5":1,"6":1,"7":1,"8":1,"9":1,"10":9,"11":9,"12":9,"13":9,"14":9,"15":9,"16":9,"17":9,"18":9,"19":2,"20":2,"21":9,"22":9,"23":2,"24":2,"25":2,"26":2,"27":9,"28":9,"29":0,"30":0,"31":9,"32":9,"33":4,"34":4,"35":4,"36":4,"37":2,"38":2,"39":2,"40":4,"41":4,"42":9,"43":9,"44":4,"45":4,"46":4,"47":4,"48":2,"49":2,"50":2,"51":4,"52":4,"53":9},"branchMap":{"0":{"type":"branch","line":10,"loc":{"start":{"line":10,"column":7},"end":{"line":54,"column":1}},"locations":[{"start":{"line":10,"column":7},"end":{"line":54,"column":1}}]},"1":{"type":"branch","line":19,"loc":{"start":{"line":19,"column":2},"end":{"line":21,"column":3}},"locations":[{"start":{"line":19,"column":2},"end":{"line":21,"column":3}}]},"2":{"type":"branch","line":20,"loc":{"start":{"line":20,"column":108},"end":{"line":20,"column":127}},"locations":[{"start":{"line":20,"column":108},"end":{"line":20,"column":127}}]},"3":{"type":"branch","line":23,"loc":{"start":{"line":23,"column":2},"end":{"line":27,"column":3}},"locations":[{"start":{"line":23,"column":2},"end":{"line":27,"column":3}}]},"4":{"type":"branch","line":25,"loc":{"start":{"line":25,"column":85},"end":{"line":25,"column":104}},"locations":[{"start":{"line":25,"column":85},"end":{"line":25,"column":104}}]},"5":{"type":"branch","line":33,"loc":{"start":{"line":33,"column":2},"end":{"line":42,"column":3}},"locations":[{"start":{"line":33,"column":2},"end":{"line":42,"column":3}}]},"6":{"type":"branch","line":34,"loc":{"start":{"line":34,"column":30},"end":{"line":41,"column":5}},"locations":[{"start":{"line":34,"column":30},"end":{"line":41,"column":5}}]},"7":{"type":"branch","line":35,"loc":{"start":{"line":35,"column":49},"end":{"line":35,"column":55}},"locations":[{"start":{"line":35,"column":49},"end":{"line":35,"column":55}}]},"8":{"type":"branch","line":36,"loc":{"start":{"line":36,"column":49},"end":{"line":36,"column":55}},"locations":[{"start":{"line":36,"column":49},"end":{"line":36,"column":55}}]},"9":{"type":"branch","line":37,"loc":{"start":{"line":37,"column":64},"end":{"line":41,"column":5}},"locations":[{"start":{"line":37,"column":64},"end":{"line":41,"column":5}}]},"10":{"type":"branch","line":44,"loc":{"start":{"line":44,"column":2},"end":{"line":53,"column":3}},"locations":[{"start":{"line":44,"column":2},"end":{"line":53,"column":3}}]},"11":{"type":"branch","line":45,"loc":{"start":{"line":45,"column":30},"end":{"line":52,"column":5}},"locations":[{"start":{"line":45,"column":30},"end":{"line":52,"column":5}}]},"12":{"type":"branch","line":46,"loc":{"start":{"line":46,"column":48},"end":{"line":46,"column":54}},"locations":[{"start":{"line":46,"column":48},"end":{"line":46,"column":54}}]},"13":{"type":"branch","line":47,"loc":{"start":{"line":47,"column":48},"end":{"line":47,"column":54}},"locations":[{"start":{"line":47,"column":48},"end":{"line":47,"column":54}}]},"14":{"type":"branch","line":48,"loc":{"start":{"line":48,"column":69},"end":{"line":52,"column":5}},"locations":[{"start":{"line":48,"column":69},"end":{"line":52,"column":5}}]}},"b":{"0":[9],"1":[2],"2":[0],"3":[2],"4":[0],"5":[4],"6":[4],"7":[0],"8":[0],"9":[2],"10":[4],"11":[4],"12":[0],"13":[0],"14":[2]},"fnMap":{"0":{"name":"SortingService","decl":{"start":{"line":10,"column":7},"end":{"line":54,"column":1}},"loc":{"start":{"line":10,"column":7},"end":{"line":54,"column":1}},"line":10},"1":{"name":"toggleSortByDateDirection","decl":{"start":{"line":19,"column":2},"end":{"line":21,"column":3}},"loc":{"start":{"line":19,"column":2},"end":{"line":21,"column":3}},"line":19},"2":{"name":"toggleSortByViewCountDirection","decl":{"start":{"line":23,"column":2},"end":{"line":27,"column":3}},"loc":{"start":{"line":23,"column":2},"end":{"line":27,"column":3}},"line":23},"3":{"name":"updateFilterTerm","decl":{"start":{"line":29,"column":2},"end":{"line":31,"column":3}},"loc":{"start":{"line":29,"column":2},"end":{"line":31,"column":3}},"line":29},"4":{"name":"getSortedItemsByDate","decl":{"start":{"line":33,"column":2},"end":{"line":42,"column":3}},"loc":{"start":{"line":33,"column":2},"end":{"line":42,"column":3}},"line":33},"5":{"name":"getSortedItemsByViewCount","decl":{"start":{"line":44,"column":2},"end":{"line":53,"column":3}},"loc":{"start":{"line":44,"column":2},"end":{"line":53,"column":3}},"line":44}},"f":{"0":9,"1":2,"2":2,"3":0,"4":4,"5":4}}
,"/Users/angelinabezik/Documents/RollingScopes/angelinabz-ANGULAR2024Q3/youtube-client-app/src/app/youtube/services/youtube-api/youtube-api.service.ts": {"path":"/Users/angelinabezik/Documents/RollingScopes/angelinabz-ANGULAR2024Q3/youtube-client-app/src/app/youtube/services/youtube-api/youtube-api.service.ts","all":false,"statementMap":{"0":{"start":{"line":1,"column":0},"end":{"line":1,"column":50}},"1":{"start":{"line":2,"column":0},"end":{"line":2,"column":61}},"2":{"start":{"line":3,"column":0},"end":{"line":3,"column":8}},"3":{"start":{"line":4,"column":0},"end":{"line":4,"column":49}},"4":{"start":{"line":5,"column":0},"end":{"line":5,"column":14}},"5":{"start":{"line":6,"column":0},"end":{"line":6,"column":0}},"6":{"start":{"line":7,"column":0},"end":{"line":7,"column":68}},"7":{"start":{"line":8,"column":0},"end":{"line":8,"column":58}},"8":{"start":{"line":9,"column":0},"end":{"line":9,"column":66}},"9":{"start":{"line":10,"column":0},"end":{"line":10,"column":0}},"10":{"start":{"line":11,"column":0},"end":{"line":11,"column":13}},"11":{"start":{"line":12,"column":0},"end":{"line":12,"column":21}},"12":{"start":{"line":13,"column":0},"end":{"line":13,"column":2}},"13":{"start":{"line":14,"column":0},"end":{"line":14,"column":32}},"14":{"start":{"line":15,"column":0},"end":{"line":15,"column":37}},"15":{"start":{"line":16,"column":0},"end":{"line":16,"column":40}},"16":{"start":{"line":17,"column":0},"end":{"line":17,"column":33}},"17":{"start":{"line":18,"column":0},"end":{"line":18,"column":28}},"18":{"start":{"line":19,"column":0},"end":{"line":19,"column":46}},"19":{"start":{"line":20,"column":0},"end":{"line":20,"column":40}},"20":{"start":{"line":21,"column":0},"end":{"line":21,"column":0}},"21":{"start":{"line":22,"column":0},"end":{"line":22,"column":42}},"22":{"start":{"line":23,"column":0},"end":{"line":23,"column":0}},"23":{"start":{"line":24,"column":0},"end":{"line":24,"column":79}},"24":{"start":{"line":25,"column":0},"end":{"line":25,"column":27}},"25":{"start":{"line":26,"column":0},"end":{"line":26,"column":20}},"26":{"start":{"line":27,"column":0},"end":{"line":27,"column":20}},"27":{"start":{"line":28,"column":0},"end":{"line":28,"column":22}},"28":{"start":{"line":29,"column":0},"end":{"line":29,"column":21}},"29":{"start":{"line":30,"column":0},"end":{"line":30,"column":15}},"30":{"start":{"line":31,"column":0},"end":{"line":31,"column":33}},"31":{"start":{"line":32,"column":0},"end":{"line":32,"column":6}},"32":{"start":{"line":33,"column":0},"end":{"line":33,"column":0}},"33":{"start":{"line":34,"column":0},"end":{"line":34,"column":71}},"34":{"start":{"line":35,"column":0},"end":{"line":35,"column":41}},"35":{"start":{"line":36,"column":0},"end":{"line":36,"column":29}},"36":{"start":{"line":37,"column":0},"end":{"line":37,"column":32}},"37":{"start":{"line":38,"column":0},"end":{"line":38,"column":50}},"38":{"start":{"line":39,"column":0},"end":{"line":39,"column":25}},"39":{"start":{"line":40,"column":0},"end":{"line":40,"column":9}},"40":{"start":{"line":41,"column":0},"end":{"line":41,"column":6}},"41":{"start":{"line":42,"column":0},"end":{"line":42,"column":3}},"42":{"start":{"line":43,"column":0},"end":{"line":43,"column":0}},"43":{"start":{"line":44,"column":0},"end":{"line":44,"column":69}},"44":{"start":{"line":45,"column":0},"end":{"line":45,"column":27}},"45":{"start":{"line":46,"column":0},"end":{"line":46,"column":20}},"46":{"start":{"line":47,"column":0},"end":{"line":47,"column":29}},"47":{"start":{"line":48,"column":0},"end":{"line":48,"column":33}},"48":{"start":{"line":49,"column":0},"end":{"line":49,"column":6}},"49":{"start":{"line":50,"column":0},"end":{"line":50,"column":73}},"50":{"start":{"line":51,"column":0},"end":{"line":51,"column":41}},"51":{"start":{"line":52,"column":0},"end":{"line":52,"column":29}},"52":{"start":{"line":53,"column":0},"end":{"line":53,"column":32}},"53":{"start":{"line":54,"column":0},"end":{"line":54,"column":50}},"54":{"start":{"line":55,"column":0},"end":{"line":55,"column":25}},"55":{"start":{"line":56,"column":0},"end":{"line":56,"column":9}},"56":{"start":{"line":57,"column":0},"end":{"line":57,"column":6}},"57":{"start":{"line":58,"column":0},"end":{"line":58,"column":3}},"58":{"start":{"line":59,"column":0},"end":{"line":59,"column":0}},"59":{"start":{"line":60,"column":0},"end":{"line":60,"column":29}},"60":{"start":{"line":61,"column":0},"end":{"line":61,"column":18}},"61":{"start":{"line":62,"column":0},"end":{"line":62,"column":23}},"62":{"start":{"line":63,"column":0},"end":{"line":63,"column":90}},"63":{"start":{"line":64,"column":0},"end":{"line":64,"column":52}},"64":{"start":{"line":65,"column":0},"end":{"line":65,"column":37}},"65":{"start":{"line":66,"column":0},"end":{"line":66,"column":77}},"66":{"start":{"line":67,"column":0},"end":{"line":67,"column":54}},"67":{"start":{"line":68,"column":0},"end":{"line":68,"column":50}},"68":{"start":{"line":69,"column":0},"end":{"line":69,"column":40}},"69":{"start":{"line":70,"column":0},"end":{"line":70,"column":56}},"70":{"start":{"line":71,"column":0},"end":{"line":71,"column":56}},"71":{"start":{"line":72,"column":0},"end":{"line":72,"column":14}},"72":{"start":{"line":73,"column":0},"end":{"line":73,"column":10}},"73":{"start":{"line":74,"column":0},"end":{"line":74,"column":9}},"74":{"start":{"line":75,"column":0},"end":{"line":75,"column":6}},"75":{"start":{"line":76,"column":0},"end":{"line":76,"column":3}},"76":{"start":{"line":77,"column":0},"end":{"line":77,"column":1}}},"s":{"0":1,"1":1,"2":1,"3":1,"4":1,"5":1,"6":1,"7":1,"8":1,"9":1,"10":1,"11":1,"12":1,"13":1,"14":1,"15":1,"16":1,"17":1,"18":1,"19":1,"20":1,"21":1,"22":1,"23":1,"24":1,"25":1,"26":1,"27":1,"28":1,"29":1,"30":1,"31":1,"32":1,"33":1,"34":1,"35":1,"36":0,"37":0,"38":0,"39":1,"40":1,"41":1,"42":1,"43":1,"44":0,"45":0,"46":0,"47":0,"48":0,"49":0,"50":0,"51":0,"52":0,"53":0,"54":0,"55":0,"56":0,"57":0,"58":1,"59":1,"60":0,"61":0,"62":0,"63":0,"64":0,"65":0,"66":0,"67":0,"68":0,"69":0,"70":0,"71":0,"72":0,"73":0,"74":0,"75":0,"76":1},"branchMap":{"0":{"type":"branch","line":22,"loc":{"start":{"line":22,"column":2},"end":{"line":22,"column":42}},"locations":[{"start":{"line":22,"column":2},"end":{"line":22,"column":42}}]},"1":{"type":"branch","line":19,"loc":{"start":{"line":19,"column":24},"end":{"line":19,"column":44}},"locations":[{"start":{"line":19,"column":24},"end":{"line":19,"column":44}}]},"2":{"type":"branch","line":20,"loc":{"start":{"line":20,"column":20},"end":{"line":20,"column":38}},"locations":[{"start":{"line":20,"column":20},"end":{"line":20,"column":38}}]},"3":{"type":"branch","line":24,"loc":{"start":{"line":24,"column":2},"end":{"line":42,"column":3}},"locations":[{"start":{"line":24,"column":2},"end":{"line":42,"column":3}}]},"4":{"type":"branch","line":35,"loc":{"start":{"line":35,"column":10},"end":{"line":35,"column":39}},"locations":[{"start":{"line":35,"column":10},"end":{"line":35,"column":39}}]}},"b":{"0":[4],"1":[2],"2":[2],"3":[1],"4":[1]},"fnMap":{"0":{"name":"YoutubeApiService","decl":{"start":{"line":22,"column":2},"end":{"line":22,"column":42}},"loc":{"start":{"line":22,"column":2},"end":{"line":22,"column":42}},"line":22},"1":{"name":"searchVideos","decl":{"start":{"line":24,"column":2},"end":{"line":42,"column":3}},"loc":{"start":{"line":24,"column":2},"end":{"line":42,"column":3}},"line":24},"2":{"name":"getVideoStatistics","decl":{"start":{"line":44,"column":2},"end":{"line":58,"column":3}},"loc":{"start":{"line":44,"column":2},"end":{"line":58,"column":3}},"line":44},"3":{"name":"searchVideosWithStatistics","decl":{"start":{"line":60,"column":2},"end":{"line":76,"column":3}},"loc":{"start":{"line":60,"column":2},"end":{"line":76,"column":3}},"line":60}},"f":{"0":4,"1":1,"2":0,"3":0}}
}
