TN:
SF:src/app/app.component.html
FN:1,Object.<anonymous>
FNF:1
FNH:1
FNDA:1,Object.<anonymous>
DA:1,1
DA:2,1
LF:2
LH:2
BRDA:1,0,0,1
BRDA:1,1,0,1
BRF:2
BRH:2
end_of_record
TN:
SF:src/app/app.component.ts
FN:14,AppComponent
FNF:1
FNH:1
FNDA:2,AppComponent
DA:1,1
DA:2,1
DA:3,1
DA:4,1
DA:5,1
DA:6,1
DA:7,1
DA:8,1
DA:9,1
DA:10,1
DA:11,1
DA:12,1
DA:13,1
DA:14,1
DA:15,2
DA:16,2
LF:16
LH:16
BRDA:14,0,0,2
BRF:1
BRH:1
end_of_record
TN:
SF:src/app/auth/components/admin-form/admin-form.component.html
FN:1,Object.<anonymous>
FNF:1
FNH:1
FNDA:2,Object.<anonymous>
DA:1,2
DA:2,2
DA:3,2
DA:4,2
DA:5,2
DA:6,2
DA:7,2
DA:8,2
DA:9,2
DA:10,2
DA:11,2
DA:12,2
DA:13,2
DA:14,2
DA:15,2
DA:16,2
DA:17,2
DA:18,2
DA:19,2
DA:20,2
DA:21,2
DA:22,2
DA:23,2
DA:24,2
DA:25,2
DA:26,2
DA:27,2
DA:28,2
DA:29,2
DA:30,2
DA:31,2
DA:32,2
DA:33,2
DA:34,2
DA:35,2
DA:36,2
DA:37,2
DA:38,2
DA:39,2
DA:40,2
DA:41,2
DA:42,2
DA:43,2
DA:44,2
DA:45,2
DA:46,2
DA:47,2
DA:48,2
DA:49,2
DA:50,2
DA:51,2
DA:52,2
LF:52
LH:52
BRDA:1,0,0,2
BRDA:1,1,0,2
BRF:2
BRH:2
end_of_record
TN:
SF:src/app/auth/components/admin-form/admin-form.component.ts
FN:24,AdminFormComponent
FN:29,ngOnInit
FN:40,get title
FN:44,get description
FN:48,get imageLink
FN:52,get videoLink
FN:56,get creationDate
FN:60,get tags
FN:64,get isValid
FN:68,creationDateValidator
FN:77,createTag
FN:83,addTag
FN:89,removeTag
FN:93,onSubmit
FN:114,onReset
FNF:15
FNH:13
FNDA:6,AdminFormComponent
FNDA:6,ngOnInit
FNDA:157,get title
FNDA:25,get description
FNDA:85,get imageLink
FNDA:85,get videoLink
FNDA:121,get creationDate
FNDA:45,get tags
FNDA:12,get isValid
FNDA:18,creationDateValidator
FNDA:12,createTag
FNDA:8,addTag
FNDA:1,removeTag
FNDA:0,onSubmit
FNDA:0,onReset
DA:1,1
DA:2,1
DA:3,1
DA:4,1
DA:5,1
DA:6,1
DA:7,1
DA:8,1
DA:9,1
DA:10,1
DA:11,1
DA:12,1
DA:13,1
DA:14,1
DA:15,1
DA:16,1
DA:17,1
DA:18,1
DA:19,1
DA:20,1
DA:21,1
DA:22,1
DA:23,1
DA:24,1
DA:25,6
DA:26,6
DA:27,6
DA:28,1
DA:29,1
DA:30,6
DA:31,6
DA:32,6
DA:33,6
DA:34,6
DA:35,6
DA:36,6
DA:37,6
DA:38,6
DA:39,1
DA:40,1
DA:41,157
DA:42,157
DA:43,1
DA:44,1
DA:45,25
DA:46,25
DA:47,1
DA:48,1
DA:49,85
DA:50,85
DA:51,1
DA:52,1
DA:53,85
DA:54,85
DA:55,1
DA:56,1
DA:57,121
DA:58,121
DA:59,1
DA:60,1
DA:61,45
DA:62,45
DA:63,1
DA:64,1
DA:65,12
DA:66,12
DA:67,1
DA:68,1
DA:69,18
DA:70,18
DA:71,18
DA:72,0
DA:73,0
DA:74,18
DA:75,18
DA:76,1
DA:77,1
DA:78,12
DA:79,12
DA:80,12
DA:81,12
DA:82,1
DA:83,1
DA:84,8
DA:85,6
DA:86,6
DA:87,8
DA:88,1
DA:89,1
DA:90,1
DA:91,1
DA:92,1
DA:93,1
DA:94,0
DA:95,0
DA:96,0
DA:97,0
DA:98,0
DA:99,0
DA:100,0
DA:101,0
DA:102,0
DA:103,0
DA:104,0
DA:105,0
DA:106,0
DA:107,0
DA:108,0
DA:109,0
DA:110,0
DA:111,0
DA:112,0
DA:113,1
DA:114,1
DA:115,0
DA:116,0
DA:117,0
DA:118,0
DA:119,1
LF:119
LH:94
BRDA:24,0,0,6
BRDA:29,1,0,6
BRDA:40,2,0,157
BRDA:44,3,0,25
BRDA:48,4,0,85
BRDA:52,5,0,85
BRDA:56,6,0,121
BRDA:60,7,0,45
BRDA:64,8,0,12
BRDA:68,9,0,18
BRDA:71,10,0,0
BRDA:77,11,0,12
BRDA:83,12,0,8
BRDA:84,13,0,6
BRDA:89,14,0,1
BRF:15
BRH:14
end_of_record
TN:
SF:src/app/auth/components/login-form/login-form.component.html
FN:1,Object.<anonymous>
FNF:1
FNH:1
FNDA:2,Object.<anonymous>
DA:1,2
DA:2,2
DA:3,2
DA:4,2
DA:5,2
DA:6,2
DA:7,2
DA:8,2
DA:9,2
DA:10,2
DA:11,2
DA:12,2
DA:13,2
DA:14,2
DA:15,2
DA:16,2
DA:17,2
DA:18,2
DA:19,2
DA:20,2
LF:20
LH:20
BRDA:1,0,0,2
BRDA:1,1,0,2
BRF:2
BRH:2
end_of_record
TN:
SF:src/app/auth/components/login-form/login-form.component.ts
FN:21,LoginFormComponent
FN:27,ngOnInit
FN:34,passwordValidator
FN:54,get username
FN:58,get password
FN:62,get isValid
FN:66,onSubmit
FNF:7
FNH:6
FNDA:2,LoginFormComponent
FNDA:2,ngOnInit
FNDA:6,passwordValidator
FNDA:40,get username
FNDA:56,get password
FNDA:4,get isValid
FNDA:0,onSubmit
DA:1,1
DA:2,1
DA:3,1
DA:4,1
DA:5,1
DA:6,1
DA:7,1
DA:8,1
DA:9,1
DA:10,1
DA:11,1
DA:12,1
DA:13,1
DA:14,1
DA:15,1
DA:16,1
DA:17,1
DA:18,1
DA:19,1
DA:20,1
DA:21,1
DA:22,2
DA:23,2
DA:24,2
DA:25,2
DA:26,1
DA:27,1
DA:28,2
DA:29,2
DA:30,2
DA:31,2
DA:32,2
DA:33,1
DA:34,1
DA:35,6
DA:36,6
DA:37,6
DA:38,6
DA:39,6
DA:40,6
DA:41,6
DA:42,6
DA:43,6
DA:44,6
DA:45,6
DA:46,0
DA:47,0
DA:48,0
DA:49,0
DA:50,0
DA:51,0
DA:52,0
DA:53,1
DA:54,1
DA:55,40
DA:56,40
DA:57,1
DA:58,1
DA:59,56
DA:60,56
DA:61,1
DA:62,1
DA:63,4
DA:64,4
DA:65,1
DA:66,1
DA:67,0
DA:68,0
DA:69,0
DA:70,0
DA:71,0
DA:72,0
DA:73,1
LF:73
LH:60
BRDA:21,0,0,2
BRDA:27,1,0,2
BRDA:34,2,0,6
BRDA:40,3,0,0
BRDA:45,4,0,0
BRDA:45,5,0,0
BRDA:45,6,0,0
BRDA:45,7,0,0
BRDA:54,8,0,40
BRDA:58,9,0,56
BRDA:62,10,0,4
BRF:11
BRH:6
end_of_record
TN:
SF:src/app/auth/pages/admin/admin.component.html
FN:1,Object.<anonymous>
FNF:1
FNH:1
FNDA:1,Object.<anonymous>
DA:1,1
DA:2,1
DA:3,1
DA:4,1
LF:4
LH:4
BRDA:1,0,0,1
BRDA:1,1,0,1
BRF:2
BRH:2
end_of_record
TN:
SF:src/app/auth/pages/admin/admin.component.ts
FNF:0
FNH:0
DA:1,1
DA:2,1
DA:3,1
DA:4,1
DA:5,1
DA:6,1
DA:7,1
DA:8,1
DA:9,1
DA:10,1
DA:11,1
DA:12,1
LF:12
LH:12
BRF:0
BRH:0
end_of_record
TN:
SF:src/app/auth/pages/login/login.component.html
FN:1,Object.<anonymous>
FNF:1
FNH:1
FNDA:1,Object.<anonymous>
DA:1,1
DA:2,1
DA:3,1
DA:4,1
LF:4
LH:4
BRDA:1,0,0,1
BRDA:1,1,0,1
BRF:2
BRH:2
end_of_record
TN:
SF:src/app/auth/pages/login/login.component.ts
FNF:0
FNH:0
DA:1,1
DA:2,1
DA:3,1
DA:4,1
DA:5,1
DA:6,1
DA:7,1
DA:8,1
DA:9,1
DA:10,1
DA:11,1
DA:12,1
LF:12
LH:12
BRF:0
BRH:0
end_of_record
TN:
SF:src/app/auth/services/login/login.service.ts
FN:7,LoginService
FN:14,checkLoginStatus
FN:18,getUsername
FN:22,login
FN:30,logout
FNF:5
FNH:5
FNDA:9,LoginService
FNDA:11,checkLoginStatus
FNDA:11,getUsername
FNDA:2,login
FNDA:1,logout
DA:1,1
DA:2,1
DA:3,1
DA:4,1
DA:5,1
DA:6,1
DA:7,1
DA:8,9
DA:9,9
DA:10,9
DA:11,9
DA:12,9
DA:13,9
DA:14,9
DA:15,11
DA:16,11
DA:17,9
DA:18,9
DA:19,11
DA:20,11
DA:21,9
DA:22,9
DA:23,2
DA:24,2
DA:25,2
DA:26,2
DA:27,2
DA:28,2
DA:29,9
DA:30,9
DA:31,1
DA:32,1
DA:33,1
DA:34,1
DA:35,1
DA:36,1
DA:37,9
LF:37
LH:37
BRDA:7,0,0,9
BRDA:14,1,0,11
BRDA:18,2,0,11
BRDA:22,3,0,2
BRDA:30,4,0,1
BRF:5
BRH:5
end_of_record
TN:
SF:src/app/core/components/header/header.component.html
FN:1,Object.<anonymous>
FNF:1
FNH:1
FNDA:2,Object.<anonymous>
DA:1,2
DA:2,2
DA:3,2
DA:4,2
DA:5,2
DA:6,2
DA:7,2
DA:8,2
DA:9,2
DA:10,2
DA:11,2
DA:12,2
DA:13,2
DA:14,2
DA:15,2
DA:16,2
DA:17,2
DA:18,2
DA:19,2
DA:20,2
LF:20
LH:20
BRDA:1,0,0,2
BRDA:1,1,0,2
BRF:2
BRH:2
end_of_record
TN:
SF:src/app/core/components/header/header.component.ts
FN:22,HeaderComponent
FN:33,ngOnInit
FN:46,ngOnDestroy
FN:50,onInputChange
FN:54,showSortingBlock
FNF:5
FNH:3
FNDA:3,HeaderComponent
FNDA:1,ngOnInit
FNDA:3,ngOnDestroy
FNDA:0,onInputChange
FNDA:0,showSortingBlock
DA:1,1
DA:2,1
DA:3,1
DA:4,1
DA:5,1
DA:6,1
DA:7,1
DA:8,1
DA:9,1
DA:10,1
DA:11,1
DA:12,1
DA:13,1
DA:14,1
DA:15,1
DA:16,1
DA:17,1
DA:18,1
DA:19,1
DA:20,1
DA:21,1
DA:22,1
DA:23,3
DA:24,3
DA:25,3
DA:26,1
DA:27,1
DA:28,1
DA:29,1
DA:30,1
DA:31,1
DA:32,1
DA:33,1
DA:34,1
DA:35,1
DA:36,1
DA:37,1
DA:38,1
DA:39,1
DA:40,1
DA:41,0
DA:42,0
DA:43,1
DA:44,1
DA:45,1
DA:46,1
DA:47,3
DA:48,3
DA:49,1
DA:50,1
DA:51,0
DA:52,0
DA:53,1
DA:54,1
DA:55,0
DA:56,0
DA:57,1
LF:57
LH:51
BRDA:22,0,0,3
BRDA:33,1,0,1
BRDA:46,2,0,3
BRF:3
BRH:3
end_of_record
TN:
SF:src/app/core/components/header/sorting/sorting.component.html
FN:1,Object.<anonymous>
FNF:1
FNH:1
FNDA:2,Object.<anonymous>
DA:1,2
DA:2,2
DA:3,2
DA:4,2
DA:5,2
DA:6,2
DA:7,2
DA:8,2
DA:9,2
DA:10,2
DA:11,2
DA:12,2
DA:13,2
DA:14,2
DA:15,2
DA:16,2
DA:17,2
DA:18,2
DA:19,2
DA:20,2
DA:21,2
LF:21
LH:21
BRDA:1,0,0,2
BRDA:1,1,0,2
BRF:2
BRH:2
end_of_record
TN:
SF:src/app/core/components/header/sorting/sorting.component.ts
FN:17,SortingComponent
FN:19,toggleSortByDateDirection
FN:24,toggleSortByViewCountDirection
FN:29,onFilterTermChange
FNF:4
FNH:4
FNDA:5,SortingComponent
FNDA:1,toggleSortByDateDirection
FNDA:1,toggleSortByViewCountDirection
FNDA:1,onFilterTermChange
DA:1,1
DA:2,1
DA:3,1
DA:4,1
DA:5,1
DA:6,1
DA:7,1
DA:8,1
DA:9,1
DA:10,1
DA:11,1
DA:12,1
DA:13,1
DA:14,1
DA:15,1
DA:16,1
DA:17,1
DA:18,1
DA:19,1
DA:20,1
DA:21,1
DA:22,1
DA:23,1
DA:24,1
DA:25,1
DA:26,1
DA:27,1
DA:28,1
DA:29,1
DA:30,1
DA:31,1
DA:32,1
DA:33,1
LF:33
LH:33
BRDA:17,0,0,5
BRDA:19,1,0,1
BRDA:24,2,0,1
BRDA:29,3,0,1
BRF:4
BRH:4
end_of_record
TN:
SF:src/app/core/components/header/user/user.component.html
FN:1,Object.<anonymous>
FNF:1
FNH:1
FNDA:3,Object.<anonymous>
DA:1,3
DA:2,3
DA:3,3
DA:4,3
DA:5,3
DA:6,3
DA:7,3
DA:8,3
DA:9,3
DA:10,3
LF:10
LH:10
BRDA:1,0,0,3
BRDA:1,1,0,3
BRF:2
BRH:2
end_of_record
TN:
SF:src/app/core/components/header/user/user.component.ts
FN:19,UserComponent
FN:27,logout
FNF:2
FNH:1
FNDA:4,UserComponent
FNDA:0,logout
DA:1,1
DA:2,1
DA:3,1
DA:4,1
DA:5,1
DA:6,1
DA:7,1
DA:8,1
DA:9,1
DA:10,1
DA:11,1
DA:12,1
DA:13,1
DA:14,1
DA:15,1
DA:16,1
DA:17,1
DA:18,1
DA:19,1
DA:20,4
DA:21,4
DA:22,4
DA:23,4
DA:24,4
DA:25,4
DA:26,1
DA:27,1
DA:28,0
DA:29,0
DA:30,0
DA:31,1
LF:31
LH:28
BRDA:19,0,0,4
BRF:1
BRH:1
end_of_record
TN:
SF:src/app/core/guards/login/auth.guard.ts
FN:7,authGuard
FNF:1
FNH:0
FNDA:0,authGuard
DA:1,1
DA:2,1
DA:3,1
DA:4,1
DA:5,1
DA:6,1
DA:7,1
DA:8,0
DA:9,0
DA:10,0
DA:11,0
DA:12,0
DA:13,0
DA:14,0
DA:15,0
DA:16,0
DA:17,0
DA:18,0
DA:19,0
DA:20,0
LF:20
LH:7
BRF:0
BRH:0
end_of_record
TN:
SF:src/app/core/pages/not-found/not-found.component.html
FN:1,Object.<anonymous>
FNF:1
FNH:1
FNDA:1,Object.<anonymous>
DA:1,1
DA:2,1
DA:3,1
DA:4,1
LF:4
LH:4
BRDA:1,0,0,1
BRDA:1,1,0,1
BRF:2
BRH:2
end_of_record
TN:
SF:src/app/core/pages/not-found/not-found.component.ts
FNF:0
FNH:0
DA:1,1
DA:2,1
DA:3,1
DA:4,1
DA:5,1
DA:6,1
DA:7,1
DA:8,1
DA:9,1
DA:10,1
LF:10
LH:10
BRF:0
BRH:0
end_of_record
TN:
SF:src/app/favorite/pages/favorite.component.html
FN:1,Object.<anonymous>
FNF:1
FNH:1
FNDA:1,Object.<anonymous>
DA:1,1
DA:2,1
DA:3,1
LF:3
LH:3
BRDA:1,0,0,1
BRDA:1,1,0,1
BRF:2
BRH:2
end_of_record
TN:
SF:src/app/favorite/pages/favorite.component.ts
FN:22,FavoriteComponent
FN:24,ngOnInit
FNF:2
FNH:2
FNDA:1,FavoriteComponent
FNDA:1,ngOnInit
DA:1,1
DA:2,1
DA:3,1
DA:4,1
DA:5,1
DA:6,1
DA:7,1
DA:8,1
DA:9,1
DA:10,1
DA:11,1
DA:12,1
DA:13,1
DA:14,1
DA:15,1
DA:16,1
DA:17,1
DA:18,1
DA:19,1
DA:20,1
DA:21,1
DA:22,1
DA:23,1
DA:24,1
DA:25,1
DA:26,0
DA:27,1
DA:28,1
DA:29,1
DA:30,1
DA:31,1
LF:31
LH:30
BRDA:22,0,0,1
BRDA:30,1,0,1
BRDA:24,2,0,1
BRF:3
BRH:3
end_of_record
TN:
SF:src/app/shared/components/button/button.component.html
FN:1,Object.<anonymous>
FNF:1
FNH:1
FNDA:7,Object.<anonymous>
DA:1,7
DA:2,7
DA:3,7
LF:3
LH:3
BRDA:1,0,0,7
BRDA:1,1,0,7
BRF:2
BRH:2
end_of_record
TN:
SF:src/app/shared/components/button/button.component.ts
FN:12,ButtonComponent
FN:19,handleClick
FNF:2
FNH:1
FNDA:27,ButtonComponent
FNDA:0,handleClick
DA:1,1
DA:2,1
DA:3,1
DA:4,1
DA:5,1
DA:6,1
DA:7,1
DA:8,1
DA:9,1
DA:10,1
DA:11,1
DA:12,1
DA:13,27
DA:14,27
DA:15,27
DA:16,27
DA:17,27
DA:18,27
DA:19,27
DA:20,0
DA:21,0
DA:22,27
LF:22
LH:20
BRDA:12,0,0,27
BRF:1
BRH:1
end_of_record
TN:
SF:src/app/store/actions.ts
FNF:0
FNH:0
DA:1,1
DA:2,1
DA:3,1
DA:4,1
DA:5,1
DA:6,1
DA:7,1
DA:8,1
DA:9,1
DA:10,1
DA:11,1
DA:12,1
DA:13,1
DA:14,1
DA:15,1
DA:16,1
DA:17,1
DA:18,1
LF:18
LH:18
BRF:0
BRH:0
end_of_record
TN:
SF:src/app/store/reducers.ts
FN:48,videos.reduce
FNF:1
FNH:1
FNDA:2,videos.reduce
DA:1,1
DA:2,1
DA:3,1
DA:4,1
DA:5,1
DA:6,1
DA:7,1
DA:8,1
DA:9,1
DA:10,1
DA:11,1
DA:12,1
DA:13,1
DA:14,1
DA:15,1
DA:16,1
DA:17,1
DA:18,1
DA:19,1
DA:20,1
DA:21,1
DA:22,1
DA:23,1
DA:24,1
DA:25,1
DA:26,1
DA:27,1
DA:28,1
DA:29,1
DA:30,1
DA:31,1
DA:32,1
DA:33,1
DA:34,1
DA:35,1
DA:36,1
DA:37,1
DA:38,1
DA:39,1
DA:40,1
DA:41,1
DA:42,1
DA:43,1
DA:44,1
DA:45,1
DA:46,1
DA:47,1
DA:48,1
DA:49,2
DA:50,2
DA:51,1
DA:52,1
DA:53,1
DA:54,1
DA:55,1
DA:56,1
DA:57,1
DA:58,1
DA:59,1
DA:60,1
DA:61,1
DA:62,1
DA:63,1
DA:64,1
DA:65,1
DA:66,1
DA:67,1
DA:68,1
DA:69,1
DA:70,1
DA:71,1
DA:72,1
DA:73,1
DA:74,1
DA:75,1
DA:76,1
LF:76
LH:76
BRDA:28,0,0,1
BRDA:36,1,0,1
BRDA:41,2,0,1
BRDA:45,3,0,1
BRDA:48,4,0,2
BRDA:58,5,0,2
BRDA:64,6,0,1
BRDA:68,7,0,1
BRDA:72,8,0,1
BRDA:74,9,0,1
BRF:10
BRH:10
end_of_record
TN:
SF:src/app/store/selectors.ts
FN:5,selectVideos
FNF:1
FNH:1
FNDA:15,selectVideos
DA:1,1
DA:2,1
DA:3,1
DA:4,1
DA:5,1
DA:6,1
DA:7,1
DA:8,1
DA:9,1
DA:10,1
DA:11,1
DA:12,1
DA:13,0
DA:14,1
DA:15,1
DA:16,1
DA:17,1
DA:18,1
DA:19,1
DA:20,1
DA:21,1
DA:22,1
LF:22
LH:21
BRDA:5,0,0,15
BRDA:7,1,0,1
BRDA:13,2,0,0
BRDA:8,3,0,4
BRDA:8,4,0,2
BRDA:9,5,0,4
BRDA:9,6,0,2
BRDA:16,7,0,6
BRDA:17,8,0,1
BRDA:19,9,0,1
BRDA:20,10,0,1
BRDA:21,11,0,1
BRF:12
BRH:11
end_of_record
TN:
SF:src/app/youtube/components/search-item/search-item.component.html
FN:1,Object.<anonymous>
FNF:1
FNH:1
FNDA:3,Object.<anonymous>
DA:1,3
DA:2,3
DA:3,3
DA:4,3
DA:5,3
DA:6,3
DA:7,3
DA:8,3
DA:9,3
DA:10,3
DA:11,3
DA:12,3
DA:13,3
DA:14,3
DA:15,3
DA:16,3
DA:17,3
DA:18,3
DA:19,3
DA:20,3
DA:21,3
DA:22,3
DA:23,3
DA:24,3
DA:25,3
DA:26,3
DA:27,3
DA:28,3
DA:29,3
DA:30,3
DA:31,3
LF:31
LH:31
BRDA:1,0,0,3
BRDA:1,1,0,3
BRF:2
BRH:2
end_of_record
TN:
SF:src/app/youtube/components/search-item/search-item.component.ts
FN:25,SearchItemComponent
FN:30,ngOnInit
FN:36,onItemClick
FN:40,deleteCustomVideo
FN:44,addVideoInFavorites
FN:48,deleteVideoFromFavorites
FNF:6
FNH:2
FNDA:1,SearchItemComponent
FNDA:1,ngOnInit
FNDA:0,onItemClick
FNDA:0,deleteCustomVideo
FNDA:0,addVideoInFavorites
FNDA:0,deleteVideoFromFavorites
DA:1,1
DA:2,1
DA:3,1
DA:4,1
DA:5,1
DA:6,1
DA:7,1
DA:8,1
DA:9,1
DA:10,1
DA:11,1
DA:12,1
DA:13,1
DA:14,1
DA:15,1
DA:16,1
DA:17,1
DA:18,1
DA:19,1
DA:20,1
DA:21,1
DA:22,1
DA:23,1
DA:24,1
DA:25,1
DA:26,1
DA:27,1
DA:28,1
DA:29,1
DA:30,1
DA:31,1
DA:32,0
DA:33,1
DA:34,1
DA:35,1
DA:36,1
DA:37,0
DA:38,0
DA:39,1
DA:40,1
DA:41,0
DA:42,0
DA:43,1
DA:44,1
DA:45,0
DA:46,0
DA:47,1
DA:48,1
DA:49,0
DA:50,0
DA:51,1
LF:51
LH:42
BRDA:25,0,0,1
BRDA:30,1,0,1
BRF:2
BRH:2
end_of_record
TN:
SF:src/app/youtube/components/search-results/search-results.component.html
FN:1,Object.<anonymous>
FNF:1
FNH:1
FNDA:2,Object.<anonymous>
DA:1,2
DA:2,2
DA:3,2
DA:4,2
DA:5,2
DA:6,2
DA:7,2
DA:8,2
DA:9,2
DA:10,2
DA:11,2
DA:12,2
DA:13,2
LF:13
LH:13
BRDA:1,0,0,2
BRDA:1,1,0,2
BRF:2
BRH:2
end_of_record
TN:
SF:src/app/youtube/components/search-results/search-results.component.ts
FN:41,SearchResultsComponent
FN:49,ngOnInit
FN:83,ngOnDestroy
FN:87,sortByDate
FN:91,sortByViewCount
FN:95,get filteredItems
FN:99,loadNextPage
FN:108,loadPrevPage
FNF:8
FNH:6
FNDA:2,SearchResultsComponent
FNDA:2,ngOnInit
FNDA:2,ngOnDestroy
FNDA:2,sortByDate
FNDA:2,sortByViewCount
FNDA:4,get filteredItems
FNDA:0,loadNextPage
FNDA:0,loadPrevPage
DA:1,1
DA:2,1
DA:3,1
DA:4,1
DA:5,1
DA:6,1
DA:7,1
DA:8,1
DA:9,1
DA:10,1
DA:11,1
DA:12,1
DA:13,1
DA:14,1
DA:15,1
DA:16,1
DA:17,1
DA:18,1
DA:19,1
DA:20,1
DA:21,1
DA:22,1
DA:23,1
DA:24,1
DA:25,1
DA:26,1
DA:27,1
DA:28,1
DA:29,1
DA:30,1
DA:31,1
DA:32,1
DA:33,1
DA:34,1
DA:35,1
DA:36,1
DA:37,1
DA:38,1
DA:39,1
DA:40,1
DA:41,1
DA:42,2
DA:43,2
DA:44,2
DA:45,2
DA:46,2
DA:47,2
DA:48,1
DA:49,1
DA:50,2
DA:51,2
DA:52,2
DA:53,2
DA:54,0
DA:55,0
DA:56,0
DA:57,0
DA:58,0
DA:59,0
DA:60,0
DA:61,0
DA:62,0
DA:63,0
DA:64,0
DA:65,0
DA:66,0
DA:67,2
DA:68,2
DA:69,2
DA:70,2
DA:71,2
DA:72,2
DA:73,2
DA:74,2
DA:75,2
DA:76,2
DA:77,2
DA:78,2
DA:79,2
DA:80,2
DA:81,2
DA:82,1
DA:83,1
DA:84,2
DA:85,2
DA:86,1
DA:87,1
DA:88,2
DA:89,2
DA:90,1
DA:91,1
DA:92,2
DA:93,2
DA:94,1
DA:95,1
DA:96,4
DA:97,4
DA:98,1
DA:99,1
DA:100,0
DA:101,0
DA:102,0
DA:103,0
DA:104,0
DA:105,0
DA:106,0
DA:107,1
DA:108,1
DA:109,0
DA:110,0
DA:111,0
DA:112,0
DA:113,0
DA:114,0
DA:115,0
DA:116,1
LF:116
LH:89
BRDA:41,0,0,2
BRDA:49,1,0,2
BRDA:51,2,0,2
BRDA:53,3,0,0
BRDA:75,4,0,2
BRDA:76,5,0,2
BRDA:77,6,0,2
BRDA:83,7,0,2
BRDA:84,8,0,8
BRDA:87,9,0,2
BRDA:91,10,0,2
BRDA:95,11,0,4
BRF:12
BRH:11
end_of_record
TN:
SF:src/app/youtube/directives/status/status.directive.ts
FN:21,StatusDirective
FN:23,ngOnInit
FN:27,setStatusColor
FNF:3
FNH:3
FNDA:2,StatusDirective
FNDA:1,ngOnInit
FNDA:1,setStatusColor
DA:1,1
DA:2,1
DA:3,1
DA:4,1
DA:5,1
DA:6,1
DA:7,1
DA:8,1
DA:9,1
DA:10,1
DA:11,1
DA:12,1
DA:13,1
DA:14,1
DA:15,1
DA:16,1
DA:17,1
DA:18,1
DA:19,1
DA:20,1
DA:21,1
DA:22,1
DA:23,1
DA:24,1
DA:25,1
DA:26,1
DA:27,1
DA:28,1
DA:29,1
DA:30,1
DA:31,1
DA:32,1
DA:33,1
DA:34,1
DA:35,1
DA:36,1
DA:37,1
DA:38,0
DA:39,1
DA:40,0
DA:41,1
DA:42,0
DA:43,1
DA:44,1
DA:45,1
DA:46,1
DA:47,1
DA:48,1
DA:49,1
DA:50,1
LF:50
LH:47
BRDA:21,0,0,2
BRDA:23,1,0,1
BRDA:27,2,0,1
BRDA:37,3,0,0
BRDA:39,4,0,0
BRDA:39,5,0,0
BRDA:41,6,0,0
BRDA:41,7,0,0
BRF:8
BRH:3
end_of_record
TN:
SF:src/app/youtube/enums/enums.ts
FNF:0
FNH:0
DA:1,7
DA:2,7
DA:3,7
DA:4,7
DA:5,1
DA:6,7
DA:7,7
DA:8,7
DA:9,7
DA:10,1
DA:11,7
DA:12,7
DA:13,7
DA:14,7
DA:15,7
DA:16,7
LF:16
LH:16
BRDA:1,0,0,7
BRDA:6,1,0,7
BRDA:11,2,0,7
BRF:3
BRH:3
end_of_record
TN:
SF:src/app/youtube/pages/detailed-information/detailed-information.component.html
FN:1,Object.<anonymous>
FNF:1
FNH:1
FNDA:1,Object.<anonymous>
DA:1,1
DA:2,1
DA:3,1
DA:4,1
DA:5,1
DA:6,1
DA:7,1
DA:8,1
DA:9,1
DA:10,1
DA:11,1
DA:12,1
DA:13,1
DA:14,1
DA:15,1
DA:16,1
DA:17,1
DA:18,1
DA:19,1
DA:20,1
DA:21,1
DA:22,1
DA:23,1
DA:24,1
DA:25,1
DA:26,1
DA:27,1
DA:28,1
DA:29,1
DA:30,1
DA:31,1
DA:32,1
DA:33,1
DA:34,1
DA:35,1
DA:36,1
DA:37,1
DA:38,1
DA:39,1
DA:40,1
DA:41,1
DA:42,1
DA:43,1
DA:44,1
LF:44
LH:44
BRDA:1,0,0,1
BRDA:1,1,0,1
BRF:2
BRH:2
end_of_record
TN:
SF:src/app/youtube/pages/detailed-information/detailed-information.component.ts
FN:32,DetailedInformationComponent
FN:38,ngOnInit
FN:45,loadItemData
FN:59,deleteCustomVideo
FN:66,addVideoInFavorites
FN:72,deleteVideoFromFavorites
FNF:6
FNH:6
FNDA:4,DetailedInformationComponent
FNDA:4,ngOnInit
FNDA:4,loadItemData
FNDA:1,deleteCustomVideo
FNDA:1,addVideoInFavorites
FNDA:1,deleteVideoFromFavorites
DA:1,1
DA:2,1
DA:3,1
DA:4,1
DA:5,1
DA:6,1
DA:7,1
DA:8,1
DA:9,1
DA:10,1
DA:11,1
DA:12,1
DA:13,1
DA:14,1
DA:15,1
DA:16,1
DA:17,1
DA:18,1
DA:19,1
DA:20,1
DA:21,1
DA:22,1
DA:23,1
DA:24,1
DA:25,1
DA:26,1
DA:27,1
DA:28,1
DA:29,1
DA:30,1
DA:31,1
DA:32,1
DA:33,4
DA:34,4
DA:35,4
DA:36,4
DA:37,1
DA:38,1
DA:39,4
DA:40,4
DA:41,4
DA:42,4
DA:43,4
DA:44,1
DA:45,1
DA:46,4
DA:47,4
DA:48,4
DA:49,0
DA:50,0
DA:51,0
DA:52,0
DA:53,0
DA:54,4
DA:55,4
DA:56,1
DA:57,1
DA:58,1
DA:59,1
DA:60,1
DA:61,1
DA:62,1
DA:63,1
DA:64,1
DA:65,1
DA:66,1
DA:67,1
DA:68,1
DA:69,1
DA:70,1
DA:71,1
DA:72,1
DA:73,1
DA:74,1
DA:75,1
DA:76,1
DA:77,1
LF:77
LH:72
BRDA:32,0,0,4
BRDA:38,1,0,4
BRDA:39,2,0,4
BRDA:45,3,0,4
BRDA:46,4,0,4
BRDA:48,5,0,0
BRDA:59,6,0,1
BRDA:66,7,0,1
BRDA:72,8,0,1
BRF:9
BRH:8
end_of_record
TN:
SF:src/app/youtube/pages/main/main.component.html
FN:1,Object.<anonymous>
FNF:1
FNH:1
FNDA:1,Object.<anonymous>
DA:1,1
LF:1
LH:1
BRDA:1,0,0,1
BRDA:1,1,0,1
BRF:2
BRH:2
end_of_record
TN:
SF:src/app/youtube/pages/main/main.component.ts
FNF:0
FNH:0
DA:1,1
DA:2,1
DA:3,1
DA:4,1
DA:5,1
DA:6,1
DA:7,1
DA:8,1
DA:9,1
DA:10,1
DA:11,1
DA:12,1
DA:13,1
LF:13
LH:13
BRF:0
BRH:0
end_of_record
TN:
SF:src/app/youtube/pipes/filter/filter.pipe.ts
FN:10,transform
FNF:1
FNH:1
FNDA:4,transform
DA:1,1
DA:2,1
DA:3,1
DA:4,1
DA:5,1
DA:6,1
DA:7,1
DA:8,1
DA:9,1
DA:10,1
DA:11,4
DA:12,4
DA:13,4
DA:14,0
DA:15,0
DA:16,1
LF:16
LH:14
BRDA:10,0,0,4
BRDA:14,1,0,0
BRF:2
BRH:1
end_of_record
TN:
SF:src/app/youtube/services/searching/search.service.ts
FN:7,SearchService
FN:11,setSearchText
FNF:2
FNH:2
FNDA:5,SearchService
FNDA:3,setSearchText
DA:1,1
DA:2,1
DA:3,1
DA:4,1
DA:5,1
DA:6,1
DA:7,1
DA:8,5
DA:9,5
DA:10,5
DA:11,5
DA:12,3
DA:13,3
DA:14,5
LF:14
LH:14
BRDA:7,0,0,5
BRDA:11,1,0,3
BRF:2
BRH:2
end_of_record
TN:
SF:src/app/youtube/services/sorting/sorting.service.ts
FN:10,SortingService
FN:19,toggleSortByDateDirection
FN:23,toggleSortByViewCountDirection
FN:29,updateFilterTerm
FN:33,getSortedItemsByDate
FN:44,getSortedItemsByViewCount
FNF:6
FNH:5
FNDA:9,SortingService
FNDA:2,toggleSortByDateDirection
FNDA:2,toggleSortByViewCountDirection
FNDA:0,updateFilterTerm
FNDA:4,getSortedItemsByDate
FNDA:4,getSortedItemsByViewCount
DA:1,1
DA:2,1
DA:3,1
DA:4,1
DA:5,1
DA:6,1
DA:7,1
DA:8,1
DA:9,1
DA:10,1
DA:11,9
DA:12,9
DA:13,9
DA:14,9
DA:15,9
DA:16,9
DA:17,9
DA:18,9
DA:19,9
DA:20,2
DA:21,2
DA:22,9
DA:23,9
DA:24,2
DA:25,2
DA:26,2
DA:27,2
DA:28,9
DA:29,9
DA:30,0
DA:31,0
DA:32,9
DA:33,9
DA:34,4
DA:35,4
DA:36,4
DA:37,4
DA:38,2
DA:39,2
DA:40,2
DA:41,4
DA:42,4
DA:43,9
DA:44,9
DA:45,4
DA:46,4
DA:47,4
DA:48,4
DA:49,2
DA:50,2
DA:51,2
DA:52,4
DA:53,4
DA:54,9
LF:54
LH:52
BRDA:10,0,0,9
BRDA:19,1,0,2
BRDA:20,2,0,0
BRDA:23,3,0,2
BRDA:25,4,0,0
BRDA:33,5,0,4
BRDA:34,6,0,4
BRDA:35,7,0,0
BRDA:36,8,0,0
BRDA:37,9,0,2
BRDA:44,10,0,4
BRDA:45,11,0,4
BRDA:46,12,0,0
BRDA:47,13,0,0
BRDA:48,14,0,2
BRF:15
BRH:9
end_of_record
TN:
SF:src/app/youtube/services/youtube-api/youtube-api.service.ts
FN:22,YoutubeApiService
FN:24,searchVideos
FN:44,getVideoStatistics
FN:60,searchVideosWithStatistics
FNF:4
FNH:2
FNDA:4,YoutubeApiService
FNDA:1,searchVideos
FNDA:0,getVideoStatistics
FNDA:0,searchVideosWithStatistics
DA:1,1
DA:2,1
DA:3,1
DA:4,1
DA:5,1
DA:6,1
DA:7,1
DA:8,1
DA:9,1
DA:10,1
DA:11,1
DA:12,1
DA:13,1
DA:14,1
DA:15,1
DA:16,1
DA:17,1
DA:18,1
DA:19,1
DA:20,1
DA:21,1
DA:22,1
DA:23,1
DA:24,1
DA:25,1
DA:26,1
DA:27,1
DA:28,1
DA:29,1
DA:30,1
DA:31,1
DA:32,1
DA:33,1
DA:34,1
DA:35,1
DA:36,1
DA:37,0
DA:38,0
DA:39,0
DA:40,1
DA:41,1
DA:42,1
DA:43,1
DA:44,1
DA:45,0
DA:46,0
DA:47,0
DA:48,0
DA:49,0
DA:50,0
DA:51,0
DA:52,0
DA:53,0
DA:54,0
DA:55,0
DA:56,0
DA:57,0
DA:58,0
DA:59,1
DA:60,1
DA:61,0
DA:62,0
DA:63,0
DA:64,0
DA:65,0
DA:66,0
DA:67,0
DA:68,0
DA:69,0
DA:70,0
DA:71,0
DA:72,0
DA:73,0
DA:74,0
DA:75,0
DA:76,0
DA:77,1
LF:77
LH:44
BRDA:22,0,0,4
BRDA:19,1,0,2
BRDA:20,2,0,2
BRDA:24,3,0,1
BRDA:35,4,0,1
BRF:5
BRH:5
end_of_record
